{"C:\\Users\\Abiodun Fadipe\\Documents\\CSE341-web service\\cse-341-code-abiodunfinal-project-2\\server.js": {"path":"C:\\Users\\Abiodun Fadipe\\Documents\\CSE341-web service\\cse-341-code-abiodunfinal-project-2\\server.js","statementMap":{"0":{"start":{"line":1,"column":16},"end":{"line":1,"column":34}},"1":{"start":{"line":2,"column":16},"end":{"line":2,"column":42}},"2":{"start":{"line":3,"column":19},"end":{"line":3,"column":41}},"3":{"start":{"line":4,"column":15},"end":{"line":4,"column":32}},"4":{"start":{"line":5,"column":17},"end":{"line":5,"column":36}},"5":{"start":{"line":6,"column":16},"end":{"line":6,"column":42}},"6":{"start":{"line":7,"column":23},"end":{"line":7,"column":59}},"7":{"start":{"line":8,"column":13},"end":{"line":8,"column":28}},"8":{"start":{"line":10,"column":0},"end":{"line":10,"column":16}},"9":{"start":{"line":11,"column":12},"end":{"line":11,"column":21}},"10":{"start":{"line":12,"column":13},"end":{"line":12,"column":37}},"11":{"start":{"line":15,"column":0},"end":{"line":15,"column":27}},"12":{"start":{"line":17,"column":0},"end":{"line":23,"column":2}},"13":{"start":{"line":25,"column":0},"end":{"line":25,"column":31}},"14":{"start":{"line":26,"column":0},"end":{"line":26,"column":28}},"15":{"start":{"line":29,"column":0},"end":{"line":42,"column":2}},"16":{"start":{"line":45,"column":0},"end":{"line":45,"column":40}},"17":{"start":{"line":48,"column":0},"end":{"line":50,"column":3}},"18":{"start":{"line":49,"column":1},"end":{"line":49,"column":72}},"19":{"start":{"line":53,"column":0},"end":{"line":64,"column":2}},"20":{"start":{"line":61,"column":3},"end":{"line":61,"column":30}},"21":{"start":{"line":66,"column":0},"end":{"line":68,"column":3}},"22":{"start":{"line":67,"column":1},"end":{"line":67,"column":18}},"23":{"start":{"line":69,"column":0},"end":{"line":71,"column":3}},"24":{"start":{"line":70,"column":1},"end":{"line":70,"column":18}},"25":{"start":{"line":74,"column":0},"end":{"line":80,"column":3}},"26":{"start":{"line":75,"column":1},"end":{"line":79,"column":2}},"27":{"start":{"line":76,"column":2},"end":{"line":76,"column":59}},"28":{"start":{"line":78,"column":2},"end":{"line":78,"column":25}},"29":{"start":{"line":83,"column":0},"end":{"line":90,"column":2}},"30":{"start":{"line":87,"column":2},"end":{"line":87,"column":30}},"31":{"start":{"line":88,"column":2},"end":{"line":88,"column":20}},"32":{"start":{"line":93,"column":0},"end":{"line":93,"column":21}},"33":{"start":{"line":96,"column":0},"end":{"line":106,"column":1}},"34":{"start":{"line":97,"column":1},"end":{"line":105,"column":4}},"35":{"start":{"line":98,"column":2},"end":{"line":104,"column":3}},"36":{"start":{"line":99,"column":3},"end":{"line":99,"column":22}},"37":{"start":{"line":101,"column":3},"end":{"line":103,"column":5}},"38":{"start":{"line":102,"column":4},"end":{"line":102,"column":69}}},"fnMap":{"0":{"name":"(anonymous_0)","decl":{"start":{"line":48,"column":32},"end":{"line":48,"column":33}},"loc":{"start":{"line":48,"column":49},"end":{"line":50,"column":1}},"line":48},"1":{"name":"(anonymous_1)","decl":{"start":{"line":60,"column":2},"end":{"line":60,"column":3}},"loc":{"start":{"line":60,"column":54},"end":{"line":62,"column":3}},"line":60},"2":{"name":"(anonymous_2)","decl":{"start":{"line":66,"column":23},"end":{"line":66,"column":24}},"loc":{"start":{"line":66,"column":39},"end":{"line":68,"column":1}},"line":66},"3":{"name":"(anonymous_3)","decl":{"start":{"line":69,"column":25},"end":{"line":69,"column":26}},"loc":{"start":{"line":69,"column":41},"end":{"line":71,"column":1}},"line":69},"4":{"name":"(anonymous_4)","decl":{"start":{"line":74,"column":13},"end":{"line":74,"column":14}},"loc":{"start":{"line":74,"column":27},"end":{"line":80,"column":1}},"line":74},"5":{"name":"(anonymous_5)","decl":{"start":{"line":86,"column":1},"end":{"line":86,"column":2}},"loc":{"start":{"line":86,"column":15},"end":{"line":89,"column":2}},"line":86},"6":{"name":"(anonymous_6)","decl":{"start":{"line":97,"column":16},"end":{"line":97,"column":17}},"loc":{"start":{"line":97,"column":25},"end":{"line":105,"column":2}},"line":97},"7":{"name":"(anonymous_7)","decl":{"start":{"line":101,"column":20},"end":{"line":101,"column":21}},"loc":{"start":{"line":102,"column":4},"end":{"line":102,"column":69}},"line":102}},"branchMap":{"0":{"loc":{"start":{"line":12,"column":13},"end":{"line":12,"column":37}},"type":"binary-expr","locations":[{"start":{"line":12,"column":13},"end":{"line":12,"column":29}},{"start":{"line":12,"column":33},"end":{"line":12,"column":37}}],"line":12},"1":{"loc":{"start":{"line":19,"column":10},"end":{"line":19,"column":56}},"type":"binary-expr","locations":[{"start":{"line":19,"column":10},"end":{"line":19,"column":36}},{"start":{"line":19,"column":40},"end":{"line":19,"column":56}}],"line":19},"2":{"loc":{"start":{"line":75,"column":1},"end":{"line":79,"column":2}},"type":"if","locations":[{"start":{"line":75,"column":1},"end":{"line":79,"column":2}},{"start":{"line":77,"column":8},"end":{"line":79,"column":2}}],"line":75},"3":{"loc":{"start":{"line":96,"column":0},"end":{"line":106,"column":1}},"type":"if","locations":[{"start":{"line":96,"column":0},"end":{"line":106,"column":1}},{"start":{},"end":{}}],"line":96},"4":{"loc":{"start":{"line":98,"column":2},"end":{"line":104,"column":3}},"type":"if","locations":[{"start":{"line":98,"column":2},"end":{"line":104,"column":3}},{"start":{"line":100,"column":9},"end":{"line":104,"column":3}}],"line":98}},"s":{"0":4,"1":4,"2":4,"3":4,"4":4,"5":4,"6":4,"7":4,"8":4,"9":4,"10":4,"11":4,"12":4,"13":4,"14":4,"15":4,"16":4,"17":4,"18":0,"19":4,"20":0,"21":4,"22":0,"23":4,"24":0,"25":4,"26":0,"27":0,"28":0,"29":4,"30":0,"31":0,"32":4,"33":4,"34":0,"35":0,"36":0,"37":0,"38":0},"f":{"0":0,"1":0,"2":0,"3":0,"4":0,"5":0,"6":0,"7":0},"b":{"0":[4,4],"1":[4,4],"2":[0,0],"3":[0,4],"4":[0,0]},"_coverageSchema":"1a1c01bbd47fc00a2c39e90264f33305004495a9","hash":"a63dc2e5c3917e8c63bf663a724da430de23ebbf"}
,"C:\\Users\\Abiodun Fadipe\\Documents\\CSE341-web service\\cse-341-code-abiodunfinal-project-2\\controllers\\assignments.js": {"path":"C:\\Users\\Abiodun Fadipe\\Documents\\CSE341-web service\\cse-341-code-abiodunfinal-project-2\\controllers\\assignments.js","statementMap":{"0":{"start":{"line":1,"column":16},"end":{"line":1,"column":43}},"1":{"start":{"line":2,"column":21},"end":{"line":2,"column":39}},"2":{"start":{"line":5,"column":15},"end":{"line":19,"column":1}},"3":{"start":{"line":7,"column":1},"end":{"line":18,"column":2}},"4":{"start":{"line":8,"column":22},"end":{"line":12,"column":13}},"5":{"start":{"line":14,"column":2},"end":{"line":14,"column":52}},"6":{"start":{"line":15,"column":2},"end":{"line":15,"column":36}},"7":{"start":{"line":17,"column":2},"end":{"line":17,"column":49}},"8":{"start":{"line":22,"column":18},"end":{"line":44,"column":1}},"9":{"start":{"line":24,"column":1},"end":{"line":26,"column":2}},"10":{"start":{"line":25,"column":2},"end":{"line":25,"column":87}},"11":{"start":{"line":28,"column":1},"end":{"line":43,"column":2}},"12":{"start":{"line":29,"column":23},"end":{"line":29,"column":50}},"13":{"start":{"line":30,"column":21},"end":{"line":33,"column":34}},"14":{"start":{"line":35,"column":2},"end":{"line":37,"column":3}},"15":{"start":{"line":36,"column":3},"end":{"line":36,"column":69}},"16":{"start":{"line":39,"column":2},"end":{"line":39,"column":52}},"17":{"start":{"line":40,"column":2},"end":{"line":40,"column":35}},"18":{"start":{"line":42,"column":2},"end":{"line":42,"column":49}},"19":{"start":{"line":47,"column":25},"end":{"line":75,"column":1}},"20":{"start":{"line":49,"column":20},"end":{"line":59,"column":2}},"21":{"start":{"line":61,"column":1},"end":{"line":74,"column":2}},"22":{"start":{"line":62,"column":19},"end":{"line":65,"column":25}},"23":{"start":{"line":67,"column":2},"end":{"line":71,"column":3}},"24":{"start":{"line":68,"column":3},"end":{"line":68,"column":34}},"25":{"start":{"line":70,"column":3},"end":{"line":70,"column":96}},"26":{"start":{"line":73,"column":2},"end":{"line":73,"column":49}},"27":{"start":{"line":78,"column":25},"end":{"line":111,"column":1}},"28":{"start":{"line":80,"column":1},"end":{"line":82,"column":2}},"29":{"start":{"line":81,"column":2},"end":{"line":81,"column":89}},"30":{"start":{"line":84,"column":22},"end":{"line":84,"column":49}},"31":{"start":{"line":85,"column":20},"end":{"line":95,"column":2}},"32":{"start":{"line":97,"column":1},"end":{"line":110,"column":2}},"33":{"start":{"line":98,"column":19},"end":{"line":101,"column":49}},"34":{"start":{"line":103,"column":2},"end":{"line":107,"column":3}},"35":{"start":{"line":104,"column":3},"end":{"line":104,"column":26}},"36":{"start":{"line":106,"column":3},"end":{"line":106,"column":96}},"37":{"start":{"line":109,"column":2},"end":{"line":109,"column":49}},"38":{"start":{"line":114,"column":25},"end":{"line":136,"column":1}},"39":{"start":{"line":116,"column":1},"end":{"line":118,"column":2}},"40":{"start":{"line":117,"column":2},"end":{"line":117,"column":89}},"41":{"start":{"line":120,"column":22},"end":{"line":120,"column":49}},"42":{"start":{"line":122,"column":1},"end":{"line":135,"column":2}},"43":{"start":{"line":123,"column":19},"end":{"line":126,"column":36}},"44":{"start":{"line":128,"column":2},"end":{"line":132,"column":3}},"45":{"start":{"line":129,"column":3},"end":{"line":129,"column":26}},"46":{"start":{"line":131,"column":3},"end":{"line":131,"column":96}},"47":{"start":{"line":134,"column":2},"end":{"line":134,"column":49}},"48":{"start":{"line":138,"column":0},"end":{"line":138,"column":93}}},"fnMap":{"0":{"name":"(anonymous_0)","decl":{"start":{"line":5,"column":15},"end":{"line":5,"column":16}},"loc":{"start":{"line":5,"column":35},"end":{"line":19,"column":1}},"line":5},"1":{"name":"(anonymous_1)","decl":{"start":{"line":22,"column":18},"end":{"line":22,"column":19}},"loc":{"start":{"line":22,"column":38},"end":{"line":44,"column":1}},"line":22},"2":{"name":"(anonymous_2)","decl":{"start":{"line":47,"column":25},"end":{"line":47,"column":26}},"loc":{"start":{"line":47,"column":45},"end":{"line":75,"column":1}},"line":47},"3":{"name":"(anonymous_3)","decl":{"start":{"line":78,"column":25},"end":{"line":78,"column":26}},"loc":{"start":{"line":78,"column":45},"end":{"line":111,"column":1}},"line":78},"4":{"name":"(anonymous_4)","decl":{"start":{"line":114,"column":25},"end":{"line":114,"column":26}},"loc":{"start":{"line":114,"column":45},"end":{"line":136,"column":1}},"line":114}},"branchMap":{"0":{"loc":{"start":{"line":24,"column":1},"end":{"line":26,"column":2}},"type":"if","locations":[{"start":{"line":24,"column":1},"end":{"line":26,"column":2}},{"start":{},"end":{}}],"line":24},"1":{"loc":{"start":{"line":35,"column":2},"end":{"line":37,"column":3}},"type":"if","locations":[{"start":{"line":35,"column":2},"end":{"line":37,"column":3}},{"start":{},"end":{}}],"line":35},"2":{"loc":{"start":{"line":50,"column":10},"end":{"line":50,"column":33}},"type":"binary-expr","locations":[{"start":{"line":50,"column":10},"end":{"line":50,"column":25}},{"start":{"line":50,"column":29},"end":{"line":50,"column":33}}],"line":50},"3":{"loc":{"start":{"line":54,"column":10},"end":{"line":54,"column":38}},"type":"binary-expr","locations":[{"start":{"line":54,"column":10},"end":{"line":54,"column":25}},{"start":{"line":54,"column":29},"end":{"line":54,"column":38}}],"line":54},"4":{"loc":{"start":{"line":55,"column":12},"end":{"line":55,"column":41}},"type":"binary-expr","locations":[{"start":{"line":55,"column":12},"end":{"line":55,"column":29}},{"start":{"line":55,"column":33},"end":{"line":55,"column":41}}],"line":55},"5":{"loc":{"start":{"line":56,"column":9},"end":{"line":56,"column":29}},"type":"binary-expr","locations":[{"start":{"line":56,"column":9},"end":{"line":56,"column":23}},{"start":{"line":56,"column":27},"end":{"line":56,"column":29}}],"line":56},"6":{"loc":{"start":{"line":57,"column":12},"end":{"line":57,"column":37}},"type":"binary-expr","locations":[{"start":{"line":57,"column":12},"end":{"line":57,"column":29}},{"start":{"line":57,"column":33},"end":{"line":57,"column":37}}],"line":57},"7":{"loc":{"start":{"line":67,"column":2},"end":{"line":71,"column":3}},"type":"if","locations":[{"start":{"line":67,"column":2},"end":{"line":71,"column":3}},{"start":{"line":69,"column":9},"end":{"line":71,"column":3}}],"line":67},"8":{"loc":{"start":{"line":70,"column":24},"end":{"line":70,"column":94}},"type":"binary-expr","locations":[{"start":{"line":70,"column":24},"end":{"line":70,"column":38}},{"start":{"line":70,"column":42},"end":{"line":70,"column":94}}],"line":70},"9":{"loc":{"start":{"line":80,"column":1},"end":{"line":82,"column":2}},"type":"if","locations":[{"start":{"line":80,"column":1},"end":{"line":82,"column":2}},{"start":{},"end":{}}],"line":80},"10":{"loc":{"start":{"line":86,"column":10},"end":{"line":86,"column":33}},"type":"binary-expr","locations":[{"start":{"line":86,"column":10},"end":{"line":86,"column":25}},{"start":{"line":86,"column":29},"end":{"line":86,"column":33}}],"line":86},"11":{"loc":{"start":{"line":90,"column":10},"end":{"line":90,"column":38}},"type":"binary-expr","locations":[{"start":{"line":90,"column":10},"end":{"line":90,"column":25}},{"start":{"line":90,"column":29},"end":{"line":90,"column":38}}],"line":90},"12":{"loc":{"start":{"line":91,"column":12},"end":{"line":91,"column":41}},"type":"binary-expr","locations":[{"start":{"line":91,"column":12},"end":{"line":91,"column":29}},{"start":{"line":91,"column":33},"end":{"line":91,"column":41}}],"line":91},"13":{"loc":{"start":{"line":92,"column":9},"end":{"line":92,"column":29}},"type":"binary-expr","locations":[{"start":{"line":92,"column":9},"end":{"line":92,"column":23}},{"start":{"line":92,"column":27},"end":{"line":92,"column":29}}],"line":92},"14":{"loc":{"start":{"line":93,"column":12},"end":{"line":93,"column":37}},"type":"binary-expr","locations":[{"start":{"line":93,"column":12},"end":{"line":93,"column":29}},{"start":{"line":93,"column":33},"end":{"line":93,"column":37}}],"line":93},"15":{"loc":{"start":{"line":103,"column":2},"end":{"line":107,"column":3}},"type":"if","locations":[{"start":{"line":103,"column":2},"end":{"line":107,"column":3}},{"start":{"line":105,"column":9},"end":{"line":107,"column":3}}],"line":103},"16":{"loc":{"start":{"line":106,"column":24},"end":{"line":106,"column":94}},"type":"binary-expr","locations":[{"start":{"line":106,"column":24},"end":{"line":106,"column":38}},{"start":{"line":106,"column":42},"end":{"line":106,"column":94}}],"line":106},"17":{"loc":{"start":{"line":116,"column":1},"end":{"line":118,"column":2}},"type":"if","locations":[{"start":{"line":116,"column":1},"end":{"line":118,"column":2}},{"start":{},"end":{}}],"line":116},"18":{"loc":{"start":{"line":128,"column":2},"end":{"line":132,"column":3}},"type":"if","locations":[{"start":{"line":128,"column":2},"end":{"line":132,"column":3}},{"start":{"line":130,"column":9},"end":{"line":132,"column":3}}],"line":128},"19":{"loc":{"start":{"line":131,"column":24},"end":{"line":131,"column":94}},"type":"binary-expr","locations":[{"start":{"line":131,"column":24},"end":{"line":131,"column":38}},{"start":{"line":131,"column":42},"end":{"line":131,"column":94}}],"line":131}},"s":{"0":3,"1":3,"2":3,"3":0,"4":0,"5":0,"6":0,"7":0,"8":3,"9":0,"10":0,"11":0,"12":0,"13":0,"14":0,"15":0,"16":0,"17":0,"18":0,"19":3,"20":0,"21":0,"22":0,"23":0,"24":0,"25":0,"26":0,"27":3,"28":0,"29":0,"30":0,"31":0,"32":0,"33":0,"34":0,"35":0,"36":0,"37":0,"38":3,"39":0,"40":0,"41":0,"42":0,"43":0,"44":0,"45":0,"46":0,"47":0,"48":3},"f":{"0":0,"1":0,"2":0,"3":0,"4":0},"b":{"0":[0,0],"1":[0,0],"2":[0,0],"3":[0,0],"4":[0,0],"5":[0,0],"6":[0,0],"7":[0,0],"8":[0,0],"9":[0,0],"10":[0,0],"11":[0,0],"12":[0,0],"13":[0,0],"14":[0,0],"15":[0,0],"16":[0,0],"17":[0,0],"18":[0,0],"19":[0,0]},"_coverageSchema":"1a1c01bbd47fc00a2c39e90264f33305004495a9","hash":"8ce62369cd4632e28b655a862bdbb8144360b0af"}
,"C:\\Users\\Abiodun Fadipe\\Documents\\CSE341-web service\\cse-341-code-abiodunfinal-project-2\\controllers\\comments.js": {"path":"C:\\Users\\Abiodun Fadipe\\Documents\\CSE341-web service\\cse-341-code-abiodunfinal-project-2\\controllers\\comments.js","statementMap":{"0":{"start":{"line":1,"column":16},"end":{"line":1,"column":43}},"1":{"start":{"line":2,"column":21},"end":{"line":2,"column":39}},"2":{"start":{"line":5,"column":32},"end":{"line":23,"column":1}},"3":{"start":{"line":7,"column":1},"end":{"line":9,"column":2}},"4":{"start":{"line":8,"column":2},"end":{"line":8,"column":81}},"5":{"start":{"line":11,"column":1},"end":{"line":22,"column":2}},"6":{"start":{"line":12,"column":19},"end":{"line":16,"column":13}},"7":{"start":{"line":18,"column":2},"end":{"line":18,"column":52}},"8":{"start":{"line":19,"column":2},"end":{"line":19,"column":33}},"9":{"start":{"line":21,"column":2},"end":{"line":21,"column":49}},"10":{"start":{"line":26,"column":22},"end":{"line":49,"column":1}},"11":{"start":{"line":28,"column":17},"end":{"line":33,"column":2}},"12":{"start":{"line":35,"column":1},"end":{"line":48,"column":2}},"13":{"start":{"line":36,"column":19},"end":{"line":39,"column":22}},"14":{"start":{"line":41,"column":2},"end":{"line":45,"column":3}},"15":{"start":{"line":42,"column":3},"end":{"line":42,"column":34}},"16":{"start":{"line":44,"column":3},"end":{"line":44,"column":93}},"17":{"start":{"line":47,"column":2},"end":{"line":47,"column":49}},"18":{"start":{"line":52,"column":22},"end":{"line":74,"column":1}},"19":{"start":{"line":54,"column":1},"end":{"line":56,"column":2}},"20":{"start":{"line":55,"column":2},"end":{"line":55,"column":82}},"21":{"start":{"line":58,"column":19},"end":{"line":58,"column":46}},"22":{"start":{"line":60,"column":1},"end":{"line":73,"column":2}},"23":{"start":{"line":61,"column":19},"end":{"line":64,"column":33}},"24":{"start":{"line":66,"column":2},"end":{"line":70,"column":3}},"25":{"start":{"line":67,"column":3},"end":{"line":67,"column":26}},"26":{"start":{"line":69,"column":3},"end":{"line":69,"column":93}},"27":{"start":{"line":72,"column":2},"end":{"line":72,"column":49}},"28":{"start":{"line":76,"column":0},"end":{"line":76,"column":75}}},"fnMap":{"0":{"name":"(anonymous_0)","decl":{"start":{"line":5,"column":32},"end":{"line":5,"column":33}},"loc":{"start":{"line":5,"column":52},"end":{"line":23,"column":1}},"line":5},"1":{"name":"(anonymous_1)","decl":{"start":{"line":26,"column":22},"end":{"line":26,"column":23}},"loc":{"start":{"line":26,"column":42},"end":{"line":49,"column":1}},"line":26},"2":{"name":"(anonymous_2)","decl":{"start":{"line":52,"column":22},"end":{"line":52,"column":23}},"loc":{"start":{"line":52,"column":42},"end":{"line":74,"column":1}},"line":52}},"branchMap":{"0":{"loc":{"start":{"line":7,"column":1},"end":{"line":9,"column":2}},"type":"if","locations":[{"start":{"line":7,"column":1},"end":{"line":9,"column":2}},{"start":{},"end":{}}],"line":7},"1":{"loc":{"start":{"line":41,"column":2},"end":{"line":45,"column":3}},"type":"if","locations":[{"start":{"line":41,"column":2},"end":{"line":45,"column":3}},{"start":{"line":43,"column":9},"end":{"line":45,"column":3}}],"line":41},"2":{"loc":{"start":{"line":44,"column":24},"end":{"line":44,"column":91}},"type":"binary-expr","locations":[{"start":{"line":44,"column":24},"end":{"line":44,"column":38}},{"start":{"line":44,"column":42},"end":{"line":44,"column":91}}],"line":44},"3":{"loc":{"start":{"line":54,"column":1},"end":{"line":56,"column":2}},"type":"if","locations":[{"start":{"line":54,"column":1},"end":{"line":56,"column":2}},{"start":{},"end":{}}],"line":54},"4":{"loc":{"start":{"line":66,"column":2},"end":{"line":70,"column":3}},"type":"if","locations":[{"start":{"line":66,"column":2},"end":{"line":70,"column":3}},{"start":{"line":68,"column":9},"end":{"line":70,"column":3}}],"line":66},"5":{"loc":{"start":{"line":69,"column":24},"end":{"line":69,"column":91}},"type":"binary-expr","locations":[{"start":{"line":69,"column":24},"end":{"line":69,"column":38}},{"start":{"line":69,"column":42},"end":{"line":69,"column":91}}],"line":69}},"s":{"0":3,"1":3,"2":3,"3":0,"4":0,"5":0,"6":0,"7":0,"8":0,"9":0,"10":3,"11":0,"12":0,"13":0,"14":0,"15":0,"16":0,"17":0,"18":3,"19":0,"20":0,"21":0,"22":0,"23":0,"24":0,"25":0,"26":0,"27":0,"28":3},"f":{"0":0,"1":0,"2":0},"b":{"0":[0,0],"1":[0,0],"2":[0,0],"3":[0,0],"4":[0,0],"5":[0,0]},"_coverageSchema":"1a1c01bbd47fc00a2c39e90264f33305004495a9","hash":"99974a265ab8c8e93ce9ce66b01eb9851e09c346"}
,"C:\\Users\\Abiodun Fadipe\\Documents\\CSE341-web service\\cse-341-code-abiodunfinal-project-2\\controllers\\courses.js": {"path":"C:\\Users\\Abiodun Fadipe\\Documents\\CSE341-web service\\cse-341-code-abiodunfinal-project-2\\controllers\\courses.js","statementMap":{"0":{"start":{"line":1,"column":16},"end":{"line":1,"column":43}},"1":{"start":{"line":2,"column":21},"end":{"line":2,"column":39}},"2":{"start":{"line":5,"column":15},"end":{"line":19,"column":1}},"3":{"start":{"line":7,"column":1},"end":{"line":18,"column":2}},"4":{"start":{"line":8,"column":18},"end":{"line":12,"column":13}},"5":{"start":{"line":14,"column":2},"end":{"line":14,"column":52}},"6":{"start":{"line":15,"column":2},"end":{"line":15,"column":32}},"7":{"start":{"line":17,"column":2},"end":{"line":17,"column":49}},"8":{"start":{"line":22,"column":18},"end":{"line":44,"column":1}},"9":{"start":{"line":24,"column":1},"end":{"line":26,"column":2}},"10":{"start":{"line":25,"column":2},"end":{"line":25,"column":78}},"11":{"start":{"line":28,"column":1},"end":{"line":43,"column":2}},"12":{"start":{"line":29,"column":19},"end":{"line":29,"column":46}},"13":{"start":{"line":30,"column":17},"end":{"line":33,"column":30}},"14":{"start":{"line":35,"column":2},"end":{"line":37,"column":3}},"15":{"start":{"line":36,"column":3},"end":{"line":36,"column":65}},"16":{"start":{"line":39,"column":2},"end":{"line":39,"column":52}},"17":{"start":{"line":40,"column":2},"end":{"line":40,"column":31}},"18":{"start":{"line":42,"column":2},"end":{"line":42,"column":49}},"19":{"start":{"line":47,"column":21},"end":{"line":72,"column":1}},"20":{"start":{"line":49,"column":16},"end":{"line":56,"column":2}},"21":{"start":{"line":58,"column":1},"end":{"line":71,"column":2}},"22":{"start":{"line":59,"column":19},"end":{"line":62,"column":21}},"23":{"start":{"line":64,"column":2},"end":{"line":68,"column":3}},"24":{"start":{"line":65,"column":3},"end":{"line":65,"column":34}},"25":{"start":{"line":67,"column":3},"end":{"line":67,"column":92}},"26":{"start":{"line":70,"column":2},"end":{"line":70,"column":49}},"27":{"start":{"line":75,"column":21},"end":{"line":105,"column":1}},"28":{"start":{"line":77,"column":1},"end":{"line":79,"column":2}},"29":{"start":{"line":78,"column":2},"end":{"line":78,"column":80}},"30":{"start":{"line":81,"column":18},"end":{"line":81,"column":45}},"31":{"start":{"line":82,"column":16},"end":{"line":89,"column":2}},"32":{"start":{"line":91,"column":1},"end":{"line":104,"column":2}},"33":{"start":{"line":92,"column":19},"end":{"line":95,"column":41}},"34":{"start":{"line":97,"column":2},"end":{"line":101,"column":3}},"35":{"start":{"line":98,"column":3},"end":{"line":98,"column":26}},"36":{"start":{"line":100,"column":3},"end":{"line":100,"column":92}},"37":{"start":{"line":103,"column":2},"end":{"line":103,"column":49}},"38":{"start":{"line":108,"column":21},"end":{"line":130,"column":1}},"39":{"start":{"line":110,"column":1},"end":{"line":112,"column":2}},"40":{"start":{"line":111,"column":2},"end":{"line":111,"column":80}},"41":{"start":{"line":114,"column":18},"end":{"line":114,"column":45}},"42":{"start":{"line":116,"column":1},"end":{"line":129,"column":2}},"43":{"start":{"line":117,"column":19},"end":{"line":120,"column":32}},"44":{"start":{"line":122,"column":2},"end":{"line":126,"column":3}},"45":{"start":{"line":123,"column":3},"end":{"line":123,"column":26}},"46":{"start":{"line":125,"column":3},"end":{"line":125,"column":92}},"47":{"start":{"line":128,"column":2},"end":{"line":128,"column":49}},"48":{"start":{"line":132,"column":0},"end":{"line":132,"column":81}}},"fnMap":{"0":{"name":"(anonymous_0)","decl":{"start":{"line":5,"column":15},"end":{"line":5,"column":16}},"loc":{"start":{"line":5,"column":35},"end":{"line":19,"column":1}},"line":5},"1":{"name":"(anonymous_1)","decl":{"start":{"line":22,"column":18},"end":{"line":22,"column":19}},"loc":{"start":{"line":22,"column":38},"end":{"line":44,"column":1}},"line":22},"2":{"name":"(anonymous_2)","decl":{"start":{"line":47,"column":21},"end":{"line":47,"column":22}},"loc":{"start":{"line":47,"column":41},"end":{"line":72,"column":1}},"line":47},"3":{"name":"(anonymous_3)","decl":{"start":{"line":75,"column":21},"end":{"line":75,"column":22}},"loc":{"start":{"line":75,"column":41},"end":{"line":105,"column":1}},"line":75},"4":{"name":"(anonymous_4)","decl":{"start":{"line":108,"column":21},"end":{"line":108,"column":22}},"loc":{"start":{"line":108,"column":41},"end":{"line":130,"column":1}},"line":108}},"branchMap":{"0":{"loc":{"start":{"line":24,"column":1},"end":{"line":26,"column":2}},"type":"if","locations":[{"start":{"line":24,"column":1},"end":{"line":26,"column":2}},{"start":{},"end":{}}],"line":24},"1":{"loc":{"start":{"line":35,"column":2},"end":{"line":37,"column":3}},"type":"if","locations":[{"start":{"line":35,"column":2},"end":{"line":37,"column":3}},{"start":{},"end":{}}],"line":35},"2":{"loc":{"start":{"line":64,"column":2},"end":{"line":68,"column":3}},"type":"if","locations":[{"start":{"line":64,"column":2},"end":{"line":68,"column":3}},{"start":{"line":66,"column":9},"end":{"line":68,"column":3}}],"line":64},"3":{"loc":{"start":{"line":67,"column":24},"end":{"line":67,"column":90}},"type":"binary-expr","locations":[{"start":{"line":67,"column":24},"end":{"line":67,"column":38}},{"start":{"line":67,"column":42},"end":{"line":67,"column":90}}],"line":67},"4":{"loc":{"start":{"line":77,"column":1},"end":{"line":79,"column":2}},"type":"if","locations":[{"start":{"line":77,"column":1},"end":{"line":79,"column":2}},{"start":{},"end":{}}],"line":77},"5":{"loc":{"start":{"line":97,"column":2},"end":{"line":101,"column":3}},"type":"if","locations":[{"start":{"line":97,"column":2},"end":{"line":101,"column":3}},{"start":{"line":99,"column":9},"end":{"line":101,"column":3}}],"line":97},"6":{"loc":{"start":{"line":100,"column":24},"end":{"line":100,"column":90}},"type":"binary-expr","locations":[{"start":{"line":100,"column":24},"end":{"line":100,"column":38}},{"start":{"line":100,"column":42},"end":{"line":100,"column":90}}],"line":100},"7":{"loc":{"start":{"line":110,"column":1},"end":{"line":112,"column":2}},"type":"if","locations":[{"start":{"line":110,"column":1},"end":{"line":112,"column":2}},{"start":{},"end":{}}],"line":110},"8":{"loc":{"start":{"line":122,"column":2},"end":{"line":126,"column":3}},"type":"if","locations":[{"start":{"line":122,"column":2},"end":{"line":126,"column":3}},{"start":{"line":124,"column":9},"end":{"line":126,"column":3}}],"line":122},"9":{"loc":{"start":{"line":125,"column":24},"end":{"line":125,"column":90}},"type":"binary-expr","locations":[{"start":{"line":125,"column":24},"end":{"line":125,"column":38}},{"start":{"line":125,"column":42},"end":{"line":125,"column":90}}],"line":125}},"s":{"0":3,"1":3,"2":3,"3":0,"4":0,"5":0,"6":0,"7":0,"8":3,"9":0,"10":0,"11":0,"12":0,"13":0,"14":0,"15":0,"16":0,"17":0,"18":0,"19":3,"20":0,"21":0,"22":0,"23":0,"24":0,"25":0,"26":0,"27":3,"28":0,"29":0,"30":0,"31":0,"32":0,"33":0,"34":0,"35":0,"36":0,"37":0,"38":3,"39":0,"40":0,"41":0,"42":0,"43":0,"44":0,"45":0,"46":0,"47":0,"48":3},"f":{"0":0,"1":0,"2":0,"3":0,"4":0},"b":{"0":[0,0],"1":[0,0],"2":[0,0],"3":[0,0],"4":[0,0],"5":[0,0],"6":[0,0],"7":[0,0],"8":[0,0],"9":[0,0]},"_coverageSchema":"1a1c01bbd47fc00a2c39e90264f33305004495a9","hash":"3639615cb4fc30f528bdf699bd81407bcb68be49"}
,"C:\\Users\\Abiodun Fadipe\\Documents\\CSE341-web service\\cse-341-code-abiodunfinal-project-2\\controllers\\users.js": {"path":"C:\\Users\\Abiodun Fadipe\\Documents\\CSE341-web service\\cse-341-code-abiodunfinal-project-2\\controllers\\users.js","statementMap":{"0":{"start":{"line":1,"column":16},"end":{"line":1,"column":43}},"1":{"start":{"line":2,"column":21},"end":{"line":2,"column":39}},"2":{"start":{"line":4,"column":15},"end":{"line":18,"column":1}},"3":{"start":{"line":6,"column":1},"end":{"line":17,"column":2}},"4":{"start":{"line":7,"column":16},"end":{"line":11,"column":13}},"5":{"start":{"line":13,"column":2},"end":{"line":13,"column":52}},"6":{"start":{"line":14,"column":2},"end":{"line":14,"column":30}},"7":{"start":{"line":16,"column":2},"end":{"line":16,"column":49}},"8":{"start":{"line":20,"column":18},"end":{"line":42,"column":1}},"9":{"start":{"line":22,"column":1},"end":{"line":24,"column":2}},"10":{"start":{"line":23,"column":2},"end":{"line":23,"column":74}},"11":{"start":{"line":26,"column":1},"end":{"line":41,"column":2}},"12":{"start":{"line":27,"column":17},"end":{"line":27,"column":44}},"13":{"start":{"line":28,"column":15},"end":{"line":31,"column":28}},"14":{"start":{"line":33,"column":2},"end":{"line":35,"column":3}},"15":{"start":{"line":34,"column":3},"end":{"line":34,"column":63}},"16":{"start":{"line":37,"column":2},"end":{"line":37,"column":52}},"17":{"start":{"line":38,"column":2},"end":{"line":38,"column":29}},"18":{"start":{"line":40,"column":2},"end":{"line":40,"column":49}},"19":{"start":{"line":44,"column":19},"end":{"line":67,"column":1}},"20":{"start":{"line":46,"column":1},"end":{"line":66,"column":2}},"21":{"start":{"line":48,"column":17},"end":{"line":48,"column":46}},"22":{"start":{"line":50,"column":2},"end":{"line":52,"column":3}},"23":{"start":{"line":51,"column":3},"end":{"line":51,"column":76}},"24":{"start":{"line":54,"column":15},"end":{"line":57,"column":42}},"25":{"start":{"line":59,"column":2},"end":{"line":61,"column":3}},"26":{"start":{"line":60,"column":3},"end":{"line":60,"column":63}},"27":{"start":{"line":63,"column":2},"end":{"line":63,"column":29}},"28":{"start":{"line":65,"column":2},"end":{"line":65,"column":49}},"29":{"start":{"line":69,"column":19},"end":{"line":92,"column":1}},"30":{"start":{"line":71,"column":14},"end":{"line":76,"column":2}},"31":{"start":{"line":78,"column":1},"end":{"line":91,"column":2}},"32":{"start":{"line":79,"column":19},"end":{"line":82,"column":19}},"33":{"start":{"line":84,"column":2},"end":{"line":88,"column":3}},"34":{"start":{"line":85,"column":3},"end":{"line":85,"column":34}},"35":{"start":{"line":87,"column":3},"end":{"line":87,"column":90}},"36":{"start":{"line":90,"column":2},"end":{"line":90,"column":49}},"37":{"start":{"line":94,"column":19},"end":{"line":122,"column":1}},"38":{"start":{"line":96,"column":1},"end":{"line":98,"column":2}},"39":{"start":{"line":97,"column":2},"end":{"line":97,"column":76}},"40":{"start":{"line":100,"column":16},"end":{"line":100,"column":43}},"41":{"start":{"line":101,"column":14},"end":{"line":106,"column":2}},"42":{"start":{"line":108,"column":1},"end":{"line":121,"column":2}},"43":{"start":{"line":109,"column":19},"end":{"line":112,"column":37}},"44":{"start":{"line":114,"column":2},"end":{"line":118,"column":3}},"45":{"start":{"line":115,"column":3},"end":{"line":115,"column":26}},"46":{"start":{"line":117,"column":3},"end":{"line":117,"column":90}},"47":{"start":{"line":120,"column":2},"end":{"line":120,"column":49}},"48":{"start":{"line":124,"column":19},"end":{"line":146,"column":1}},"49":{"start":{"line":126,"column":1},"end":{"line":128,"column":2}},"50":{"start":{"line":127,"column":2},"end":{"line":127,"column":76}},"51":{"start":{"line":130,"column":16},"end":{"line":130,"column":43}},"52":{"start":{"line":132,"column":1},"end":{"line":145,"column":2}},"53":{"start":{"line":133,"column":19},"end":{"line":136,"column":30}},"54":{"start":{"line":138,"column":2},"end":{"line":142,"column":3}},"55":{"start":{"line":139,"column":3},"end":{"line":139,"column":26}},"56":{"start":{"line":141,"column":3},"end":{"line":141,"column":90}},"57":{"start":{"line":144,"column":2},"end":{"line":144,"column":49}},"58":{"start":{"line":148,"column":0},"end":{"line":148,"column":87}}},"fnMap":{"0":{"name":"(anonymous_0)","decl":{"start":{"line":4,"column":15},"end":{"line":4,"column":16}},"loc":{"start":{"line":4,"column":35},"end":{"line":18,"column":1}},"line":4},"1":{"name":"(anonymous_1)","decl":{"start":{"line":20,"column":18},"end":{"line":20,"column":19}},"loc":{"start":{"line":20,"column":38},"end":{"line":42,"column":1}},"line":20},"2":{"name":"(anonymous_2)","decl":{"start":{"line":44,"column":19},"end":{"line":44,"column":20}},"loc":{"start":{"line":44,"column":39},"end":{"line":67,"column":1}},"line":44},"3":{"name":"(anonymous_3)","decl":{"start":{"line":69,"column":19},"end":{"line":69,"column":20}},"loc":{"start":{"line":69,"column":39},"end":{"line":92,"column":1}},"line":69},"4":{"name":"(anonymous_4)","decl":{"start":{"line":94,"column":19},"end":{"line":94,"column":20}},"loc":{"start":{"line":94,"column":39},"end":{"line":122,"column":1}},"line":94},"5":{"name":"(anonymous_5)","decl":{"start":{"line":124,"column":19},"end":{"line":124,"column":20}},"loc":{"start":{"line":124,"column":39},"end":{"line":146,"column":1}},"line":124}},"branchMap":{"0":{"loc":{"start":{"line":22,"column":1},"end":{"line":24,"column":2}},"type":"if","locations":[{"start":{"line":22,"column":1},"end":{"line":24,"column":2}},{"start":{},"end":{}}],"line":22},"1":{"loc":{"start":{"line":33,"column":2},"end":{"line":35,"column":3}},"type":"if","locations":[{"start":{"line":33,"column":2},"end":{"line":35,"column":3}},{"start":{},"end":{}}],"line":33},"2":{"loc":{"start":{"line":48,"column":17},"end":{"line":48,"column":46}},"type":"binary-expr","locations":[{"start":{"line":48,"column":17},"end":{"line":48,"column":30}},{"start":{"line":48,"column":34},"end":{"line":48,"column":46}}],"line":48},"3":{"loc":{"start":{"line":50,"column":2},"end":{"line":52,"column":3}},"type":"if","locations":[{"start":{"line":50,"column":2},"end":{"line":52,"column":3}},{"start":{},"end":{}}],"line":50},"4":{"loc":{"start":{"line":50,"column":6},"end":{"line":50,"column":42}},"type":"binary-expr","locations":[{"start":{"line":50,"column":6},"end":{"line":50,"column":13}},{"start":{"line":50,"column":17},"end":{"line":50,"column":42}}],"line":50},"5":{"loc":{"start":{"line":59,"column":2},"end":{"line":61,"column":3}},"type":"if","locations":[{"start":{"line":59,"column":2},"end":{"line":61,"column":3}},{"start":{},"end":{}}],"line":59},"6":{"loc":{"start":{"line":84,"column":2},"end":{"line":88,"column":3}},"type":"if","locations":[{"start":{"line":84,"column":2},"end":{"line":88,"column":3}},{"start":{"line":86,"column":9},"end":{"line":88,"column":3}}],"line":84},"7":{"loc":{"start":{"line":87,"column":24},"end":{"line":87,"column":88}},"type":"binary-expr","locations":[{"start":{"line":87,"column":24},"end":{"line":87,"column":38}},{"start":{"line":87,"column":42},"end":{"line":87,"column":88}}],"line":87},"8":{"loc":{"start":{"line":96,"column":1},"end":{"line":98,"column":2}},"type":"if","locations":[{"start":{"line":96,"column":1},"end":{"line":98,"column":2}},{"start":{},"end":{}}],"line":96},"9":{"loc":{"start":{"line":114,"column":2},"end":{"line":118,"column":3}},"type":"if","locations":[{"start":{"line":114,"column":2},"end":{"line":118,"column":3}},{"start":{"line":116,"column":9},"end":{"line":118,"column":3}}],"line":114},"10":{"loc":{"start":{"line":117,"column":24},"end":{"line":117,"column":88}},"type":"binary-expr","locations":[{"start":{"line":117,"column":24},"end":{"line":117,"column":38}},{"start":{"line":117,"column":42},"end":{"line":117,"column":88}}],"line":117},"11":{"loc":{"start":{"line":126,"column":1},"end":{"line":128,"column":2}},"type":"if","locations":[{"start":{"line":126,"column":1},"end":{"line":128,"column":2}},{"start":{},"end":{}}],"line":126},"12":{"loc":{"start":{"line":138,"column":2},"end":{"line":142,"column":3}},"type":"if","locations":[{"start":{"line":138,"column":2},"end":{"line":142,"column":3}},{"start":{"line":140,"column":9},"end":{"line":142,"column":3}}],"line":138},"13":{"loc":{"start":{"line":141,"column":24},"end":{"line":141,"column":88}},"type":"binary-expr","locations":[{"start":{"line":141,"column":24},"end":{"line":141,"column":38}},{"start":{"line":141,"column":42},"end":{"line":141,"column":88}}],"line":141}},"s":{"0":3,"1":3,"2":3,"3":0,"4":0,"5":0,"6":0,"7":0,"8":3,"9":0,"10":0,"11":0,"12":0,"13":0,"14":0,"15":0,"16":0,"17":0,"18":0,"19":3,"20":0,"21":0,"22":0,"23":0,"24":0,"25":0,"26":0,"27":0,"28":0,"29":3,"30":0,"31":0,"32":0,"33":0,"34":0,"35":0,"36":0,"37":3,"38":0,"39":0,"40":0,"41":0,"42":0,"43":0,"44":0,"45":0,"46":0,"47":0,"48":3,"49":0,"50":0,"51":0,"52":0,"53":0,"54":0,"55":0,"56":0,"57":0,"58":3},"f":{"0":0,"1":0,"2":0,"3":0,"4":0,"5":0},"b":{"0":[0,0],"1":[0,0],"2":[0,0],"3":[0,0],"4":[0,0],"5":[0,0],"6":[0,0],"7":[0,0],"8":[0,0],"9":[0,0],"10":[0,0],"11":[0,0],"12":[0,0],"13":[0,0]},"_coverageSchema":"1a1c01bbd47fc00a2c39e90264f33305004495a9","hash":"c4c9fdc770c9cff494f1b2c0ec8117fc7a69808c"}
,"C:\\Users\\Abiodun Fadipe\\Documents\\CSE341-web service\\cse-341-code-abiodunfinal-project-2\\data\\database.js": {"path":"C:\\Users\\Abiodun Fadipe\\Documents\\CSE341-web service\\cse-341-code-abiodunfinal-project-2\\data\\database.js","statementMap":{"0":{"start":{"line":1,"column":15},"end":{"line":1,"column":32}},"1":{"start":{"line":2,"column":24},"end":{"line":2,"column":42}},"2":{"start":{"line":6,"column":15},"end":{"line":21,"column":1}},"3":{"start":{"line":7,"column":1},"end":{"line":10,"column":2}},"4":{"start":{"line":8,"column":2},"end":{"line":8,"column":44}},"5":{"start":{"line":9,"column":2},"end":{"line":9,"column":34}},"6":{"start":{"line":12,"column":1},"end":{"line":20,"column":5}},"7":{"start":{"line":14,"column":3},"end":{"line":14,"column":48}},"8":{"start":{"line":15,"column":3},"end":{"line":15,"column":38}},"9":{"start":{"line":16,"column":3},"end":{"line":16,"column":28}},"10":{"start":{"line":19,"column":3},"end":{"line":19,"column":17}},"11":{"start":{"line":23,"column":20},"end":{"line":26,"column":1}},"12":{"start":{"line":24,"column":1},"end":{"line":24,"column":56}},"13":{"start":{"line":24,"column":16},"end":{"line":24,"column":56}},"14":{"start":{"line":25,"column":1},"end":{"line":25,"column":17}},"15":{"start":{"line":28,"column":0},"end":{"line":28,"column":41}}},"fnMap":{"0":{"name":"(anonymous_0)","decl":{"start":{"line":6,"column":15},"end":{"line":6,"column":16}},"loc":{"start":{"line":6,"column":29},"end":{"line":21,"column":1}},"line":6},"1":{"name":"(anonymous_1)","decl":{"start":{"line":13,"column":8},"end":{"line":13,"column":9}},"loc":{"start":{"line":13,"column":20},"end":{"line":17,"column":3}},"line":13},"2":{"name":"(anonymous_2)","decl":{"start":{"line":18,"column":9},"end":{"line":18,"column":10}},"loc":{"start":{"line":18,"column":18},"end":{"line":20,"column":3}},"line":18},"3":{"name":"(anonymous_3)","decl":{"start":{"line":23,"column":20},"end":{"line":23,"column":21}},"loc":{"start":{"line":23,"column":26},"end":{"line":26,"column":1}},"line":23}},"branchMap":{"0":{"loc":{"start":{"line":7,"column":1},"end":{"line":10,"column":2}},"type":"if","locations":[{"start":{"line":7,"column":1},"end":{"line":10,"column":2}},{"start":{},"end":{}}],"line":7},"1":{"loc":{"start":{"line":24,"column":1},"end":{"line":24,"column":56}},"type":"if","locations":[{"start":{"line":24,"column":1},"end":{"line":24,"column":56}},{"start":{},"end":{}}],"line":24}},"s":{"0":4,"1":4,"2":4,"3":0,"4":0,"5":0,"6":0,"7":0,"8":0,"9":0,"10":0,"11":4,"12":0,"13":0,"14":0,"15":4},"f":{"0":0,"1":0,"2":0,"3":0},"b":{"0":[0,0],"1":[0,0]},"_coverageSchema":"1a1c01bbd47fc00a2c39e90264f33305004495a9","hash":"caadc7d867cbefc035682890ac9bbc7d4230b761"}
,"C:\\Users\\Abiodun Fadipe\\Documents\\CSE341-web service\\cse-341-code-abiodunfinal-project-2\\routes\\assignments.js": {"path":"C:\\Users\\Abiodun Fadipe\\Documents\\CSE341-web service\\cse-341-code-abiodunfinal-project-2\\routes\\assignments.js","statementMap":{"0":{"start":{"line":1,"column":16},"end":{"line":1,"column":34}},"1":{"start":{"line":2,"column":15},"end":{"line":2,"column":31}},"2":{"start":{"line":4,"column":30},"end":{"line":4,"column":67}},"3":{"start":{"line":5,"column":28},"end":{"line":5,"column":65}},"4":{"start":{"line":8,"column":0},"end":{"line":8,"column":46}},"5":{"start":{"line":11,"column":0},"end":{"line":11,"column":52}},"6":{"start":{"line":14,"column":0},"end":{"line":14,"column":74}},"7":{"start":{"line":17,"column":0},"end":{"line":17,"column":76}},"8":{"start":{"line":20,"column":0},"end":{"line":20,"column":79}},"9":{"start":{"line":22,"column":0},"end":{"line":22,"column":24}}},"fnMap":{},"branchMap":{},"s":{"0":4,"1":4,"2":4,"3":4,"4":4,"5":4,"6":4,"7":4,"8":4,"9":4},"f":{},"b":{},"_coverageSchema":"1a1c01bbd47fc00a2c39e90264f33305004495a9","hash":"457458adeacfc9af95f5a68d15f3aa78eee27a91"}
,"C:\\Users\\Abiodun Fadipe\\Documents\\CSE341-web service\\cse-341-code-abiodunfinal-project-2\\routes\\comments.js": {"path":"C:\\Users\\Abiodun Fadipe\\Documents\\CSE341-web service\\cse-341-code-abiodunfinal-project-2\\routes\\comments.js","statementMap":{"0":{"start":{"line":1,"column":15},"end":{"line":1,"column":42}},"1":{"start":{"line":2,"column":27},"end":{"line":2,"column":61}},"2":{"start":{"line":3,"column":28},"end":{"line":3,"column":65}},"3":{"start":{"line":6,"column":0},"end":{"line":6,"column":84}},"4":{"start":{"line":9,"column":0},"end":{"line":9,"column":68}},"5":{"start":{"line":12,"column":0},"end":{"line":12,"column":73}},"6":{"start":{"line":14,"column":0},"end":{"line":14,"column":24}}},"fnMap":{},"branchMap":{},"s":{"0":4,"1":4,"2":4,"3":4,"4":4,"5":4,"6":4},"f":{},"b":{},"_coverageSchema":"1a1c01bbd47fc00a2c39e90264f33305004495a9","hash":"f54e471965bfed14f8c673bdd5196e08a6c81a07"}
,"C:\\Users\\Abiodun Fadipe\\Documents\\CSE341-web service\\cse-341-code-abiodunfinal-project-2\\routes\\courses.js": {"path":"C:\\Users\\Abiodun Fadipe\\Documents\\CSE341-web service\\cse-341-code-abiodunfinal-project-2\\routes\\courses.js","statementMap":{"0":{"start":{"line":1,"column":15},"end":{"line":1,"column":42}},"1":{"start":{"line":2,"column":26},"end":{"line":2,"column":59}},"2":{"start":{"line":3,"column":28},"end":{"line":3,"column":65}},"3":{"start":{"line":6,"column":0},"end":{"line":6,"column":42}},"4":{"start":{"line":9,"column":0},"end":{"line":9,"column":48}},"5":{"start":{"line":12,"column":0},"end":{"line":12,"column":66}},"6":{"start":{"line":15,"column":0},"end":{"line":15,"column":68}},"7":{"start":{"line":18,"column":0},"end":{"line":18,"column":71}},"8":{"start":{"line":20,"column":0},"end":{"line":20,"column":24}}},"fnMap":{},"branchMap":{},"s":{"0":4,"1":4,"2":4,"3":4,"4":4,"5":4,"6":4,"7":4,"8":4},"f":{},"b":{},"_coverageSchema":"1a1c01bbd47fc00a2c39e90264f33305004495a9","hash":"8ad45be924b57735c1ecee12b8003f645c367c40"}
,"C:\\Users\\Abiodun Fadipe\\Documents\\CSE341-web service\\cse-341-code-abiodunfinal-project-2\\routes\\index.js": {"path":"C:\\Users\\Abiodun Fadipe\\Documents\\CSE341-web service\\cse-341-code-abiodunfinal-project-2\\routes\\index.js","statementMap":{"0":{"start":{"line":1,"column":15},"end":{"line":1,"column":42}},"1":{"start":{"line":2,"column":17},"end":{"line":2,"column":36}},"2":{"start":{"line":5,"column":0},"end":{"line":5,"column":38}},"3":{"start":{"line":8,"column":0},"end":{"line":8,"column":41}},"4":{"start":{"line":11,"column":0},"end":{"line":11,"column":53}},"5":{"start":{"line":14,"column":0},"end":{"line":14,"column":45}},"6":{"start":{"line":17,"column":0},"end":{"line":17,"column":47}},"7":{"start":{"line":20,"column":0},"end":{"line":20,"column":81}},"8":{"start":{"line":22,"column":0},"end":{"line":29,"column":2}},"9":{"start":{"line":26,"column":2},"end":{"line":26,"column":30}},"10":{"start":{"line":27,"column":2},"end":{"line":27,"column":20}},"11":{"start":{"line":31,"column":0},"end":{"line":31,"column":24}}},"fnMap":{"0":{"name":"(anonymous_0)","decl":{"start":{"line":25,"column":1},"end":{"line":25,"column":2}},"loc":{"start":{"line":25,"column":15},"end":{"line":28,"column":2}},"line":25}},"branchMap":{},"s":{"0":4,"1":4,"2":4,"3":4,"4":4,"5":4,"6":4,"7":4,"8":4,"9":0,"10":0,"11":4},"f":{"0":0},"b":{},"_coverageSchema":"1a1c01bbd47fc00a2c39e90264f33305004495a9","hash":"6424b55f2b50238e733c1ffb4cb718e20f92eae2"}
,"C:\\Users\\Abiodun Fadipe\\Documents\\CSE341-web service\\cse-341-code-abiodunfinal-project-2\\routes\\swagger.js": {"path":"C:\\Users\\Abiodun Fadipe\\Documents\\CSE341-web service\\cse-341-code-abiodunfinal-project-2\\routes\\swagger.js","statementMap":{"0":{"start":{"line":1,"column":15},"end":{"line":1,"column":42}},"1":{"start":{"line":2,"column":18},"end":{"line":2,"column":47}},"2":{"start":{"line":3,"column":24},"end":{"line":3,"column":50}},"3":{"start":{"line":5,"column":0},"end":{"line":5,"column":41}},"4":{"start":{"line":6,"column":0},"end":{"line":6,"column":58}},"5":{"start":{"line":8,"column":0},"end":{"line":8,"column":24}}},"fnMap":{},"branchMap":{},"s":{"0":4,"1":4,"2":4,"3":4,"4":4,"5":4},"f":{},"b":{},"_coverageSchema":"1a1c01bbd47fc00a2c39e90264f33305004495a9","hash":"b5b4c17aab7c223032fe50f68a8e4fe8961fb78a"}
,"C:\\Users\\Abiodun Fadipe\\Documents\\CSE341-web service\\cse-341-code-abiodunfinal-project-2\\routes\\users.js": {"path":"C:\\Users\\Abiodun Fadipe\\Documents\\CSE341-web service\\cse-341-code-abiodunfinal-project-2\\routes\\users.js","statementMap":{"0":{"start":{"line":1,"column":15},"end":{"line":1,"column":42}},"1":{"start":{"line":2,"column":24},"end":{"line":2,"column":55}},"2":{"start":{"line":3,"column":28},"end":{"line":3,"column":65}},"3":{"start":{"line":6,"column":0},"end":{"line":6,"column":40}},"4":{"start":{"line":9,"column":0},"end":{"line":9,"column":68}},"5":{"start":{"line":12,"column":0},"end":{"line":12,"column":46}},"6":{"start":{"line":15,"column":0},"end":{"line":15,"column":62}},"7":{"start":{"line":18,"column":0},"end":{"line":18,"column":64}},"8":{"start":{"line":21,"column":0},"end":{"line":21,"column":67}},"9":{"start":{"line":23,"column":0},"end":{"line":23,"column":24}}},"fnMap":{},"branchMap":{},"s":{"0":4,"1":4,"2":4,"3":4,"4":4,"5":4,"6":4,"7":4,"8":4,"9":4},"f":{},"b":{},"_coverageSchema":"1a1c01bbd47fc00a2c39e90264f33305004495a9","hash":"e378fe5d3bb22e5c89af7ed9bf24549bc70056e3"}
}
