{"C:\\Users\\Abiodun Fadipe\\Documents\\CSE341-web service\\cse-341-code-abiodunfinal-project-2\\server.js": {"path":"C:\\Users\\Abiodun Fadipe\\Documents\\CSE341-web service\\cse-341-code-abiodunfinal-project-2\\server.js","statementMap":{"0":{"start":{"line":1,"column":16},"end":{"line":1,"column":34}},"1":{"start":{"line":2,"column":16},"end":{"line":2,"column":42}},"2":{"start":{"line":3,"column":19},"end":{"line":3,"column":41}},"3":{"start":{"line":4,"column":15},"end":{"line":4,"column":32}},"4":{"start":{"line":5,"column":17},"end":{"line":5,"column":36}},"5":{"start":{"line":6,"column":16},"end":{"line":6,"column":42}},"6":{"start":{"line":7,"column":23},"end":{"line":7,"column":59}},"7":{"start":{"line":8,"column":13},"end":{"line":8,"column":28}},"8":{"start":{"line":10,"column":0},"end":{"line":10,"column":16}},"9":{"start":{"line":11,"column":12},"end":{"line":11,"column":21}},"10":{"start":{"line":12,"column":13},"end":{"line":12,"column":37}},"11":{"start":{"line":14,"column":0},"end":{"line":14,"column":27}},"12":{"start":{"line":16,"column":0},"end":{"line":22,"column":2}},"13":{"start":{"line":24,"column":0},"end":{"line":24,"column":31}},"14":{"start":{"line":25,"column":0},"end":{"line":25,"column":28}},"15":{"start":{"line":27,"column":0},"end":{"line":40,"column":2}},"16":{"start":{"line":42,"column":0},"end":{"line":42,"column":40}},"17":{"start":{"line":45,"column":0},"end":{"line":47,"column":3}},"18":{"start":{"line":46,"column":1},"end":{"line":46,"column":72}},"19":{"start":{"line":50,"column":0},"end":{"line":61,"column":2}},"20":{"start":{"line":58,"column":3},"end":{"line":58,"column":30}},"21":{"start":{"line":63,"column":0},"end":{"line":65,"column":3}},"22":{"start":{"line":64,"column":1},"end":{"line":64,"column":18}},"23":{"start":{"line":66,"column":0},"end":{"line":68,"column":3}},"24":{"start":{"line":67,"column":1},"end":{"line":67,"column":18}},"25":{"start":{"line":71,"column":0},"end":{"line":77,"column":3}},"26":{"start":{"line":72,"column":1},"end":{"line":76,"column":2}},"27":{"start":{"line":73,"column":2},"end":{"line":73,"column":59}},"28":{"start":{"line":75,"column":2},"end":{"line":75,"column":25}},"29":{"start":{"line":80,"column":0},"end":{"line":87,"column":2}},"30":{"start":{"line":84,"column":2},"end":{"line":84,"column":30}},"31":{"start":{"line":85,"column":2},"end":{"line":85,"column":20}},"32":{"start":{"line":90,"column":0},"end":{"line":90,"column":21}},"33":{"start":{"line":93,"column":0},"end":{"line":103,"column":1}},"34":{"start":{"line":94,"column":1},"end":{"line":102,"column":4}},"35":{"start":{"line":95,"column":2},"end":{"line":101,"column":3}},"36":{"start":{"line":96,"column":3},"end":{"line":96,"column":22}},"37":{"start":{"line":98,"column":3},"end":{"line":100,"column":5}},"38":{"start":{"line":99,"column":4},"end":{"line":99,"column":69}}},"fnMap":{"0":{"name":"(anonymous_0)","decl":{"start":{"line":45,"column":32},"end":{"line":45,"column":33}},"loc":{"start":{"line":45,"column":49},"end":{"line":47,"column":1}},"line":45},"1":{"name":"(anonymous_1)","decl":{"start":{"line":57,"column":2},"end":{"line":57,"column":3}},"loc":{"start":{"line":57,"column":54},"end":{"line":59,"column":3}},"line":57},"2":{"name":"(anonymous_2)","decl":{"start":{"line":63,"column":23},"end":{"line":63,"column":24}},"loc":{"start":{"line":63,"column":39},"end":{"line":65,"column":1}},"line":63},"3":{"name":"(anonymous_3)","decl":{"start":{"line":66,"column":25},"end":{"line":66,"column":26}},"loc":{"start":{"line":66,"column":41},"end":{"line":68,"column":1}},"line":66},"4":{"name":"(anonymous_4)","decl":{"start":{"line":71,"column":13},"end":{"line":71,"column":14}},"loc":{"start":{"line":71,"column":27},"end":{"line":77,"column":1}},"line":71},"5":{"name":"(anonymous_5)","decl":{"start":{"line":83,"column":1},"end":{"line":83,"column":2}},"loc":{"start":{"line":83,"column":15},"end":{"line":86,"column":2}},"line":83},"6":{"name":"(anonymous_6)","decl":{"start":{"line":94,"column":16},"end":{"line":94,"column":17}},"loc":{"start":{"line":94,"column":25},"end":{"line":102,"column":2}},"line":94},"7":{"name":"(anonymous_7)","decl":{"start":{"line":98,"column":20},"end":{"line":98,"column":21}},"loc":{"start":{"line":99,"column":4},"end":{"line":99,"column":69}},"line":99}},"branchMap":{"0":{"loc":{"start":{"line":12,"column":13},"end":{"line":12,"column":37}},"type":"binary-expr","locations":[{"start":{"line":12,"column":13},"end":{"line":12,"column":29}},{"start":{"line":12,"column":33},"end":{"line":12,"column":37}}],"line":12},"1":{"loc":{"start":{"line":18,"column":10},"end":{"line":18,"column":56}},"type":"binary-expr","locations":[{"start":{"line":18,"column":10},"end":{"line":18,"column":36}},{"start":{"line":18,"column":40},"end":{"line":18,"column":56}}],"line":18},"2":{"loc":{"start":{"line":72,"column":1},"end":{"line":76,"column":2}},"type":"if","locations":[{"start":{"line":72,"column":1},"end":{"line":76,"column":2}},{"start":{"line":74,"column":8},"end":{"line":76,"column":2}}],"line":72},"3":{"loc":{"start":{"line":93,"column":0},"end":{"line":103,"column":1}},"type":"if","locations":[{"start":{"line":93,"column":0},"end":{"line":103,"column":1}},{"start":{},"end":{}}],"line":93},"4":{"loc":{"start":{"line":95,"column":2},"end":{"line":101,"column":3}},"type":"if","locations":[{"start":{"line":95,"column":2},"end":{"line":101,"column":3}},{"start":{"line":97,"column":9},"end":{"line":101,"column":3}}],"line":95}},"s":{"0":4,"1":4,"2":4,"3":4,"4":4,"5":4,"6":4,"7":4,"8":4,"9":4,"10":4,"11":4,"12":4,"13":4,"14":4,"15":4,"16":4,"17":4,"18":0,"19":4,"20":0,"21":4,"22":0,"23":4,"24":0,"25":4,"26":0,"27":0,"28":0,"29":4,"30":0,"31":0,"32":4,"33":4,"34":0,"35":0,"36":0,"37":0,"38":0},"f":{"0":0,"1":0,"2":0,"3":0,"4":0,"5":0,"6":0,"7":0},"b":{"0":[4,4],"1":[4,4],"2":[0,0],"3":[0,4],"4":[0,0]},"_coverageSchema":"1a1c01bbd47fc00a2c39e90264f33305004495a9","hash":"08bd8cb4a00c15c493710c97084aa05199115786"}
,"C:\\Users\\Abiodun Fadipe\\Documents\\CSE341-web service\\cse-341-code-abiodunfinal-project-2\\controllers\\assignments.js": {"path":"C:\\Users\\Abiodun Fadipe\\Documents\\CSE341-web service\\cse-341-code-abiodunfinal-project-2\\controllers\\assignments.js","statementMap":{"0":{"start":{"line":1,"column":16},"end":{"line":1,"column":43}},"1":{"start":{"line":2,"column":21},"end":{"line":2,"column":39}},"2":{"start":{"line":5,"column":15},"end":{"line":18,"column":1}},"3":{"start":{"line":6,"column":1},"end":{"line":17,"column":2}},"4":{"start":{"line":7,"column":22},"end":{"line":11,"column":13}},"5":{"start":{"line":13,"column":2},"end":{"line":13,"column":52}},"6":{"start":{"line":14,"column":2},"end":{"line":14,"column":36}},"7":{"start":{"line":16,"column":2},"end":{"line":16,"column":49}},"8":{"start":{"line":21,"column":18},"end":{"line":42,"column":1}},"9":{"start":{"line":22,"column":1},"end":{"line":24,"column":2}},"10":{"start":{"line":23,"column":2},"end":{"line":23,"column":87}},"11":{"start":{"line":26,"column":1},"end":{"line":41,"column":2}},"12":{"start":{"line":27,"column":23},"end":{"line":27,"column":50}},"13":{"start":{"line":28,"column":21},"end":{"line":31,"column":34}},"14":{"start":{"line":33,"column":2},"end":{"line":35,"column":3}},"15":{"start":{"line":34,"column":3},"end":{"line":34,"column":69}},"16":{"start":{"line":37,"column":2},"end":{"line":37,"column":52}},"17":{"start":{"line":38,"column":2},"end":{"line":38,"column":35}},"18":{"start":{"line":40,"column":2},"end":{"line":40,"column":49}},"19":{"start":{"line":45,"column":25},"end":{"line":72,"column":1}},"20":{"start":{"line":46,"column":20},"end":{"line":56,"column":2}},"21":{"start":{"line":58,"column":1},"end":{"line":71,"column":2}},"22":{"start":{"line":59,"column":19},"end":{"line":62,"column":25}},"23":{"start":{"line":64,"column":2},"end":{"line":68,"column":3}},"24":{"start":{"line":65,"column":3},"end":{"line":65,"column":34}},"25":{"start":{"line":67,"column":3},"end":{"line":67,"column":96}},"26":{"start":{"line":70,"column":2},"end":{"line":70,"column":49}},"27":{"start":{"line":75,"column":25},"end":{"line":107,"column":1}},"28":{"start":{"line":76,"column":1},"end":{"line":78,"column":2}},"29":{"start":{"line":77,"column":2},"end":{"line":77,"column":89}},"30":{"start":{"line":80,"column":22},"end":{"line":80,"column":49}},"31":{"start":{"line":81,"column":20},"end":{"line":91,"column":2}},"32":{"start":{"line":93,"column":1},"end":{"line":106,"column":2}},"33":{"start":{"line":94,"column":19},"end":{"line":97,"column":49}},"34":{"start":{"line":99,"column":2},"end":{"line":103,"column":3}},"35":{"start":{"line":100,"column":3},"end":{"line":100,"column":26}},"36":{"start":{"line":102,"column":3},"end":{"line":102,"column":96}},"37":{"start":{"line":105,"column":2},"end":{"line":105,"column":49}},"38":{"start":{"line":110,"column":25},"end":{"line":131,"column":1}},"39":{"start":{"line":111,"column":1},"end":{"line":113,"column":2}},"40":{"start":{"line":112,"column":2},"end":{"line":112,"column":89}},"41":{"start":{"line":115,"column":22},"end":{"line":115,"column":49}},"42":{"start":{"line":117,"column":1},"end":{"line":130,"column":2}},"43":{"start":{"line":118,"column":19},"end":{"line":121,"column":36}},"44":{"start":{"line":123,"column":2},"end":{"line":127,"column":3}},"45":{"start":{"line":124,"column":3},"end":{"line":124,"column":26}},"46":{"start":{"line":126,"column":3},"end":{"line":126,"column":96}},"47":{"start":{"line":129,"column":2},"end":{"line":129,"column":49}},"48":{"start":{"line":133,"column":0},"end":{"line":133,"column":93}}},"fnMap":{"0":{"name":"(anonymous_0)","decl":{"start":{"line":5,"column":15},"end":{"line":5,"column":16}},"loc":{"start":{"line":5,"column":35},"end":{"line":18,"column":1}},"line":5},"1":{"name":"(anonymous_1)","decl":{"start":{"line":21,"column":18},"end":{"line":21,"column":19}},"loc":{"start":{"line":21,"column":38},"end":{"line":42,"column":1}},"line":21},"2":{"name":"(anonymous_2)","decl":{"start":{"line":45,"column":25},"end":{"line":45,"column":26}},"loc":{"start":{"line":45,"column":45},"end":{"line":72,"column":1}},"line":45},"3":{"name":"(anonymous_3)","decl":{"start":{"line":75,"column":25},"end":{"line":75,"column":26}},"loc":{"start":{"line":75,"column":45},"end":{"line":107,"column":1}},"line":75},"4":{"name":"(anonymous_4)","decl":{"start":{"line":110,"column":25},"end":{"line":110,"column":26}},"loc":{"start":{"line":110,"column":45},"end":{"line":131,"column":1}},"line":110}},"branchMap":{"0":{"loc":{"start":{"line":22,"column":1},"end":{"line":24,"column":2}},"type":"if","locations":[{"start":{"line":22,"column":1},"end":{"line":24,"column":2}},{"start":{},"end":{}}],"line":22},"1":{"loc":{"start":{"line":33,"column":2},"end":{"line":35,"column":3}},"type":"if","locations":[{"start":{"line":33,"column":2},"end":{"line":35,"column":3}},{"start":{},"end":{}}],"line":33},"2":{"loc":{"start":{"line":47,"column":10},"end":{"line":47,"column":33}},"type":"binary-expr","locations":[{"start":{"line":47,"column":10},"end":{"line":47,"column":25}},{"start":{"line":47,"column":29},"end":{"line":47,"column":33}}],"line":47},"3":{"loc":{"start":{"line":51,"column":10},"end":{"line":51,"column":38}},"type":"binary-expr","locations":[{"start":{"line":51,"column":10},"end":{"line":51,"column":25}},{"start":{"line":51,"column":29},"end":{"line":51,"column":38}}],"line":51},"4":{"loc":{"start":{"line":52,"column":12},"end":{"line":52,"column":41}},"type":"binary-expr","locations":[{"start":{"line":52,"column":12},"end":{"line":52,"column":29}},{"start":{"line":52,"column":33},"end":{"line":52,"column":41}}],"line":52},"5":{"loc":{"start":{"line":53,"column":9},"end":{"line":53,"column":29}},"type":"binary-expr","locations":[{"start":{"line":53,"column":9},"end":{"line":53,"column":23}},{"start":{"line":53,"column":27},"end":{"line":53,"column":29}}],"line":53},"6":{"loc":{"start":{"line":54,"column":12},"end":{"line":54,"column":37}},"type":"binary-expr","locations":[{"start":{"line":54,"column":12},"end":{"line":54,"column":29}},{"start":{"line":54,"column":33},"end":{"line":54,"column":37}}],"line":54},"7":{"loc":{"start":{"line":64,"column":2},"end":{"line":68,"column":3}},"type":"if","locations":[{"start":{"line":64,"column":2},"end":{"line":68,"column":3}},{"start":{"line":66,"column":9},"end":{"line":68,"column":3}}],"line":64},"8":{"loc":{"start":{"line":67,"column":24},"end":{"line":67,"column":94}},"type":"binary-expr","locations":[{"start":{"line":67,"column":24},"end":{"line":67,"column":38}},{"start":{"line":67,"column":42},"end":{"line":67,"column":94}}],"line":67},"9":{"loc":{"start":{"line":76,"column":1},"end":{"line":78,"column":2}},"type":"if","locations":[{"start":{"line":76,"column":1},"end":{"line":78,"column":2}},{"start":{},"end":{}}],"line":76},"10":{"loc":{"start":{"line":82,"column":10},"end":{"line":82,"column":33}},"type":"binary-expr","locations":[{"start":{"line":82,"column":10},"end":{"line":82,"column":25}},{"start":{"line":82,"column":29},"end":{"line":82,"column":33}}],"line":82},"11":{"loc":{"start":{"line":86,"column":10},"end":{"line":86,"column":38}},"type":"binary-expr","locations":[{"start":{"line":86,"column":10},"end":{"line":86,"column":25}},{"start":{"line":86,"column":29},"end":{"line":86,"column":38}}],"line":86},"12":{"loc":{"start":{"line":87,"column":12},"end":{"line":87,"column":41}},"type":"binary-expr","locations":[{"start":{"line":87,"column":12},"end":{"line":87,"column":29}},{"start":{"line":87,"column":33},"end":{"line":87,"column":41}}],"line":87},"13":{"loc":{"start":{"line":88,"column":9},"end":{"line":88,"column":29}},"type":"binary-expr","locations":[{"start":{"line":88,"column":9},"end":{"line":88,"column":23}},{"start":{"line":88,"column":27},"end":{"line":88,"column":29}}],"line":88},"14":{"loc":{"start":{"line":89,"column":12},"end":{"line":89,"column":37}},"type":"binary-expr","locations":[{"start":{"line":89,"column":12},"end":{"line":89,"column":29}},{"start":{"line":89,"column":33},"end":{"line":89,"column":37}}],"line":89},"15":{"loc":{"start":{"line":99,"column":2},"end":{"line":103,"column":3}},"type":"if","locations":[{"start":{"line":99,"column":2},"end":{"line":103,"column":3}},{"start":{"line":101,"column":9},"end":{"line":103,"column":3}}],"line":99},"16":{"loc":{"start":{"line":102,"column":24},"end":{"line":102,"column":94}},"type":"binary-expr","locations":[{"start":{"line":102,"column":24},"end":{"line":102,"column":38}},{"start":{"line":102,"column":42},"end":{"line":102,"column":94}}],"line":102},"17":{"loc":{"start":{"line":111,"column":1},"end":{"line":113,"column":2}},"type":"if","locations":[{"start":{"line":111,"column":1},"end":{"line":113,"column":2}},{"start":{},"end":{}}],"line":111},"18":{"loc":{"start":{"line":123,"column":2},"end":{"line":127,"column":3}},"type":"if","locations":[{"start":{"line":123,"column":2},"end":{"line":127,"column":3}},{"start":{"line":125,"column":9},"end":{"line":127,"column":3}}],"line":123},"19":{"loc":{"start":{"line":126,"column":24},"end":{"line":126,"column":94}},"type":"binary-expr","locations":[{"start":{"line":126,"column":24},"end":{"line":126,"column":38}},{"start":{"line":126,"column":42},"end":{"line":126,"column":94}}],"line":126}},"s":{"0":3,"1":3,"2":3,"3":0,"4":0,"5":0,"6":0,"7":0,"8":3,"9":0,"10":0,"11":0,"12":0,"13":0,"14":0,"15":0,"16":0,"17":0,"18":0,"19":3,"20":0,"21":0,"22":0,"23":0,"24":0,"25":0,"26":0,"27":3,"28":0,"29":0,"30":0,"31":0,"32":0,"33":0,"34":0,"35":0,"36":0,"37":0,"38":3,"39":0,"40":0,"41":0,"42":0,"43":0,"44":0,"45":0,"46":0,"47":0,"48":3},"f":{"0":0,"1":0,"2":0,"3":0,"4":0},"b":{"0":[0,0],"1":[0,0],"2":[0,0],"3":[0,0],"4":[0,0],"5":[0,0],"6":[0,0],"7":[0,0],"8":[0,0],"9":[0,0],"10":[0,0],"11":[0,0],"12":[0,0],"13":[0,0],"14":[0,0],"15":[0,0],"16":[0,0],"17":[0,0],"18":[0,0],"19":[0,0]},"_coverageSchema":"1a1c01bbd47fc00a2c39e90264f33305004495a9","hash":"6f7763da9d19fc934ab2e3a537a210f6846cc506"}
,"C:\\Users\\Abiodun Fadipe\\Documents\\CSE341-web service\\cse-341-code-abiodunfinal-project-2\\controllers\\comments.js": {"path":"C:\\Users\\Abiodun Fadipe\\Documents\\CSE341-web service\\cse-341-code-abiodunfinal-project-2\\controllers\\comments.js","statementMap":{"0":{"start":{"line":1,"column":16},"end":{"line":1,"column":43}},"1":{"start":{"line":2,"column":21},"end":{"line":2,"column":39}},"2":{"start":{"line":5,"column":32},"end":{"line":22,"column":1}},"3":{"start":{"line":6,"column":1},"end":{"line":8,"column":2}},"4":{"start":{"line":7,"column":2},"end":{"line":7,"column":81}},"5":{"start":{"line":10,"column":1},"end":{"line":21,"column":2}},"6":{"start":{"line":11,"column":19},"end":{"line":15,"column":13}},"7":{"start":{"line":17,"column":2},"end":{"line":17,"column":52}},"8":{"start":{"line":18,"column":2},"end":{"line":18,"column":33}},"9":{"start":{"line":20,"column":2},"end":{"line":20,"column":49}},"10":{"start":{"line":25,"column":22},"end":{"line":47,"column":1}},"11":{"start":{"line":26,"column":17},"end":{"line":31,"column":2}},"12":{"start":{"line":33,"column":1},"end":{"line":46,"column":2}},"13":{"start":{"line":34,"column":19},"end":{"line":37,"column":22}},"14":{"start":{"line":39,"column":2},"end":{"line":43,"column":3}},"15":{"start":{"line":40,"column":3},"end":{"line":40,"column":34}},"16":{"start":{"line":42,"column":3},"end":{"line":42,"column":93}},"17":{"start":{"line":45,"column":2},"end":{"line":45,"column":49}},"18":{"start":{"line":50,"column":22},"end":{"line":71,"column":1}},"19":{"start":{"line":51,"column":1},"end":{"line":53,"column":2}},"20":{"start":{"line":52,"column":2},"end":{"line":52,"column":82}},"21":{"start":{"line":55,"column":19},"end":{"line":55,"column":46}},"22":{"start":{"line":57,"column":1},"end":{"line":70,"column":2}},"23":{"start":{"line":58,"column":19},"end":{"line":61,"column":33}},"24":{"start":{"line":63,"column":2},"end":{"line":67,"column":3}},"25":{"start":{"line":64,"column":3},"end":{"line":64,"column":26}},"26":{"start":{"line":66,"column":3},"end":{"line":66,"column":93}},"27":{"start":{"line":69,"column":2},"end":{"line":69,"column":49}},"28":{"start":{"line":73,"column":0},"end":{"line":73,"column":75}}},"fnMap":{"0":{"name":"(anonymous_0)","decl":{"start":{"line":5,"column":32},"end":{"line":5,"column":33}},"loc":{"start":{"line":5,"column":52},"end":{"line":22,"column":1}},"line":5},"1":{"name":"(anonymous_1)","decl":{"start":{"line":25,"column":22},"end":{"line":25,"column":23}},"loc":{"start":{"line":25,"column":42},"end":{"line":47,"column":1}},"line":25},"2":{"name":"(anonymous_2)","decl":{"start":{"line":50,"column":22},"end":{"line":50,"column":23}},"loc":{"start":{"line":50,"column":42},"end":{"line":71,"column":1}},"line":50}},"branchMap":{"0":{"loc":{"start":{"line":6,"column":1},"end":{"line":8,"column":2}},"type":"if","locations":[{"start":{"line":6,"column":1},"end":{"line":8,"column":2}},{"start":{},"end":{}}],"line":6},"1":{"loc":{"start":{"line":39,"column":2},"end":{"line":43,"column":3}},"type":"if","locations":[{"start":{"line":39,"column":2},"end":{"line":43,"column":3}},{"start":{"line":41,"column":9},"end":{"line":43,"column":3}}],"line":39},"2":{"loc":{"start":{"line":42,"column":24},"end":{"line":42,"column":91}},"type":"binary-expr","locations":[{"start":{"line":42,"column":24},"end":{"line":42,"column":38}},{"start":{"line":42,"column":42},"end":{"line":42,"column":91}}],"line":42},"3":{"loc":{"start":{"line":51,"column":1},"end":{"line":53,"column":2}},"type":"if","locations":[{"start":{"line":51,"column":1},"end":{"line":53,"column":2}},{"start":{},"end":{}}],"line":51},"4":{"loc":{"start":{"line":63,"column":2},"end":{"line":67,"column":3}},"type":"if","locations":[{"start":{"line":63,"column":2},"end":{"line":67,"column":3}},{"start":{"line":65,"column":9},"end":{"line":67,"column":3}}],"line":63},"5":{"loc":{"start":{"line":66,"column":24},"end":{"line":66,"column":91}},"type":"binary-expr","locations":[{"start":{"line":66,"column":24},"end":{"line":66,"column":38}},{"start":{"line":66,"column":42},"end":{"line":66,"column":91}}],"line":66}},"s":{"0":3,"1":3,"2":3,"3":0,"4":0,"5":0,"6":0,"7":0,"8":0,"9":0,"10":3,"11":0,"12":0,"13":0,"14":0,"15":0,"16":0,"17":0,"18":3,"19":0,"20":0,"21":0,"22":0,"23":0,"24":0,"25":0,"26":0,"27":0,"28":3},"f":{"0":0,"1":0,"2":0},"b":{"0":[0,0],"1":[0,0],"2":[0,0],"3":[0,0],"4":[0,0],"5":[0,0]},"_coverageSchema":"1a1c01bbd47fc00a2c39e90264f33305004495a9","hash":"119780b3558c2874f042d19d1d4cc25de8b05ce3"}
,"C:\\Users\\Abiodun Fadipe\\Documents\\CSE341-web service\\cse-341-code-abiodunfinal-project-2\\controllers\\courses.js": {"path":"C:\\Users\\Abiodun Fadipe\\Documents\\CSE341-web service\\cse-341-code-abiodunfinal-project-2\\controllers\\courses.js","statementMap":{"0":{"start":{"line":1,"column":16},"end":{"line":1,"column":43}},"1":{"start":{"line":2,"column":21},"end":{"line":2,"column":39}},"2":{"start":{"line":5,"column":15},"end":{"line":18,"column":1}},"3":{"start":{"line":6,"column":1},"end":{"line":17,"column":2}},"4":{"start":{"line":7,"column":18},"end":{"line":11,"column":13}},"5":{"start":{"line":13,"column":2},"end":{"line":13,"column":52}},"6":{"start":{"line":14,"column":2},"end":{"line":14,"column":32}},"7":{"start":{"line":16,"column":2},"end":{"line":16,"column":49}},"8":{"start":{"line":21,"column":18},"end":{"line":42,"column":1}},"9":{"start":{"line":22,"column":1},"end":{"line":24,"column":2}},"10":{"start":{"line":23,"column":2},"end":{"line":23,"column":78}},"11":{"start":{"line":26,"column":1},"end":{"line":41,"column":2}},"12":{"start":{"line":27,"column":19},"end":{"line":27,"column":46}},"13":{"start":{"line":28,"column":17},"end":{"line":31,"column":30}},"14":{"start":{"line":33,"column":2},"end":{"line":35,"column":3}},"15":{"start":{"line":34,"column":3},"end":{"line":34,"column":65}},"16":{"start":{"line":37,"column":2},"end":{"line":37,"column":52}},"17":{"start":{"line":38,"column":2},"end":{"line":38,"column":31}},"18":{"start":{"line":40,"column":2},"end":{"line":40,"column":49}},"19":{"start":{"line":45,"column":21},"end":{"line":69,"column":1}},"20":{"start":{"line":46,"column":16},"end":{"line":53,"column":2}},"21":{"start":{"line":55,"column":1},"end":{"line":68,"column":2}},"22":{"start":{"line":56,"column":19},"end":{"line":59,"column":21}},"23":{"start":{"line":61,"column":2},"end":{"line":65,"column":3}},"24":{"start":{"line":62,"column":3},"end":{"line":62,"column":34}},"25":{"start":{"line":64,"column":3},"end":{"line":64,"column":92}},"26":{"start":{"line":67,"column":2},"end":{"line":67,"column":49}},"27":{"start":{"line":72,"column":21},"end":{"line":101,"column":1}},"28":{"start":{"line":73,"column":1},"end":{"line":75,"column":2}},"29":{"start":{"line":74,"column":2},"end":{"line":74,"column":80}},"30":{"start":{"line":77,"column":18},"end":{"line":77,"column":45}},"31":{"start":{"line":78,"column":16},"end":{"line":85,"column":2}},"32":{"start":{"line":87,"column":1},"end":{"line":100,"column":2}},"33":{"start":{"line":88,"column":19},"end":{"line":91,"column":41}},"34":{"start":{"line":93,"column":2},"end":{"line":97,"column":3}},"35":{"start":{"line":94,"column":3},"end":{"line":94,"column":26}},"36":{"start":{"line":96,"column":3},"end":{"line":96,"column":92}},"37":{"start":{"line":99,"column":2},"end":{"line":99,"column":49}},"38":{"start":{"line":104,"column":21},"end":{"line":125,"column":1}},"39":{"start":{"line":105,"column":1},"end":{"line":107,"column":2}},"40":{"start":{"line":106,"column":2},"end":{"line":106,"column":80}},"41":{"start":{"line":109,"column":18},"end":{"line":109,"column":45}},"42":{"start":{"line":111,"column":1},"end":{"line":124,"column":2}},"43":{"start":{"line":112,"column":19},"end":{"line":115,"column":32}},"44":{"start":{"line":117,"column":2},"end":{"line":121,"column":3}},"45":{"start":{"line":118,"column":3},"end":{"line":118,"column":26}},"46":{"start":{"line":120,"column":3},"end":{"line":120,"column":92}},"47":{"start":{"line":123,"column":2},"end":{"line":123,"column":49}},"48":{"start":{"line":127,"column":0},"end":{"line":127,"column":81}}},"fnMap":{"0":{"name":"(anonymous_0)","decl":{"start":{"line":5,"column":15},"end":{"line":5,"column":16}},"loc":{"start":{"line":5,"column":35},"end":{"line":18,"column":1}},"line":5},"1":{"name":"(anonymous_1)","decl":{"start":{"line":21,"column":18},"end":{"line":21,"column":19}},"loc":{"start":{"line":21,"column":38},"end":{"line":42,"column":1}},"line":21},"2":{"name":"(anonymous_2)","decl":{"start":{"line":45,"column":21},"end":{"line":45,"column":22}},"loc":{"start":{"line":45,"column":41},"end":{"line":69,"column":1}},"line":45},"3":{"name":"(anonymous_3)","decl":{"start":{"line":72,"column":21},"end":{"line":72,"column":22}},"loc":{"start":{"line":72,"column":41},"end":{"line":101,"column":1}},"line":72},"4":{"name":"(anonymous_4)","decl":{"start":{"line":104,"column":21},"end":{"line":104,"column":22}},"loc":{"start":{"line":104,"column":41},"end":{"line":125,"column":1}},"line":104}},"branchMap":{"0":{"loc":{"start":{"line":22,"column":1},"end":{"line":24,"column":2}},"type":"if","locations":[{"start":{"line":22,"column":1},"end":{"line":24,"column":2}},{"start":{},"end":{}}],"line":22},"1":{"loc":{"start":{"line":33,"column":2},"end":{"line":35,"column":3}},"type":"if","locations":[{"start":{"line":33,"column":2},"end":{"line":35,"column":3}},{"start":{},"end":{}}],"line":33},"2":{"loc":{"start":{"line":61,"column":2},"end":{"line":65,"column":3}},"type":"if","locations":[{"start":{"line":61,"column":2},"end":{"line":65,"column":3}},{"start":{"line":63,"column":9},"end":{"line":65,"column":3}}],"line":61},"3":{"loc":{"start":{"line":64,"column":24},"end":{"line":64,"column":90}},"type":"binary-expr","locations":[{"start":{"line":64,"column":24},"end":{"line":64,"column":38}},{"start":{"line":64,"column":42},"end":{"line":64,"column":90}}],"line":64},"4":{"loc":{"start":{"line":73,"column":1},"end":{"line":75,"column":2}},"type":"if","locations":[{"start":{"line":73,"column":1},"end":{"line":75,"column":2}},{"start":{},"end":{}}],"line":73},"5":{"loc":{"start":{"line":93,"column":2},"end":{"line":97,"column":3}},"type":"if","locations":[{"start":{"line":93,"column":2},"end":{"line":97,"column":3}},{"start":{"line":95,"column":9},"end":{"line":97,"column":3}}],"line":93},"6":{"loc":{"start":{"line":96,"column":24},"end":{"line":96,"column":90}},"type":"binary-expr","locations":[{"start":{"line":96,"column":24},"end":{"line":96,"column":38}},{"start":{"line":96,"column":42},"end":{"line":96,"column":90}}],"line":96},"7":{"loc":{"start":{"line":105,"column":1},"end":{"line":107,"column":2}},"type":"if","locations":[{"start":{"line":105,"column":1},"end":{"line":107,"column":2}},{"start":{},"end":{}}],"line":105},"8":{"loc":{"start":{"line":117,"column":2},"end":{"line":121,"column":3}},"type":"if","locations":[{"start":{"line":117,"column":2},"end":{"line":121,"column":3}},{"start":{"line":119,"column":9},"end":{"line":121,"column":3}}],"line":117},"9":{"loc":{"start":{"line":120,"column":24},"end":{"line":120,"column":90}},"type":"binary-expr","locations":[{"start":{"line":120,"column":24},"end":{"line":120,"column":38}},{"start":{"line":120,"column":42},"end":{"line":120,"column":90}}],"line":120}},"s":{"0":3,"1":3,"2":3,"3":0,"4":0,"5":0,"6":0,"7":0,"8":3,"9":0,"10":0,"11":0,"12":0,"13":0,"14":0,"15":0,"16":0,"17":0,"18":0,"19":3,"20":0,"21":0,"22":0,"23":0,"24":0,"25":0,"26":0,"27":3,"28":0,"29":0,"30":0,"31":0,"32":0,"33":0,"34":0,"35":0,"36":0,"37":0,"38":3,"39":0,"40":0,"41":0,"42":0,"43":0,"44":0,"45":0,"46":0,"47":0,"48":3},"f":{"0":0,"1":0,"2":0,"3":0,"4":0},"b":{"0":[0,0],"1":[0,0],"2":[0,0],"3":[0,0],"4":[0,0],"5":[0,0],"6":[0,0],"7":[0,0],"8":[0,0],"9":[0,0]},"_coverageSchema":"1a1c01bbd47fc00a2c39e90264f33305004495a9","hash":"d8b917198162f4f8a3360e0bde0dcca85169b6d2"}
,"C:\\Users\\Abiodun Fadipe\\Documents\\CSE341-web service\\cse-341-code-abiodunfinal-project-2\\controllers\\users.js": {"path":"C:\\Users\\Abiodun Fadipe\\Documents\\CSE341-web service\\cse-341-code-abiodunfinal-project-2\\controllers\\users.js","statementMap":{"0":{"start":{"line":1,"column":16},"end":{"line":1,"column":43}},"1":{"start":{"line":2,"column":21},"end":{"line":2,"column":39}},"2":{"start":{"line":4,"column":15},"end":{"line":17,"column":1}},"3":{"start":{"line":5,"column":1},"end":{"line":16,"column":2}},"4":{"start":{"line":6,"column":16},"end":{"line":10,"column":13}},"5":{"start":{"line":12,"column":2},"end":{"line":12,"column":52}},"6":{"start":{"line":13,"column":2},"end":{"line":13,"column":30}},"7":{"start":{"line":15,"column":2},"end":{"line":15,"column":49}},"8":{"start":{"line":19,"column":18},"end":{"line":41,"column":1}},"9":{"start":{"line":21,"column":1},"end":{"line":23,"column":2}},"10":{"start":{"line":22,"column":2},"end":{"line":22,"column":74}},"11":{"start":{"line":25,"column":1},"end":{"line":40,"column":2}},"12":{"start":{"line":26,"column":17},"end":{"line":26,"column":44}},"13":{"start":{"line":27,"column":15},"end":{"line":30,"column":28}},"14":{"start":{"line":32,"column":2},"end":{"line":34,"column":3}},"15":{"start":{"line":33,"column":3},"end":{"line":33,"column":63}},"16":{"start":{"line":36,"column":2},"end":{"line":36,"column":52}},"17":{"start":{"line":37,"column":2},"end":{"line":37,"column":29}},"18":{"start":{"line":39,"column":2},"end":{"line":39,"column":49}},"19":{"start":{"line":43,"column":19},"end":{"line":64,"column":1}},"20":{"start":{"line":44,"column":1},"end":{"line":63,"column":2}},"21":{"start":{"line":45,"column":17},"end":{"line":45,"column":46}},"22":{"start":{"line":47,"column":2},"end":{"line":49,"column":3}},"23":{"start":{"line":48,"column":3},"end":{"line":48,"column":76}},"24":{"start":{"line":51,"column":15},"end":{"line":54,"column":42}},"25":{"start":{"line":56,"column":2},"end":{"line":58,"column":3}},"26":{"start":{"line":57,"column":3},"end":{"line":57,"column":63}},"27":{"start":{"line":60,"column":2},"end":{"line":60,"column":29}},"28":{"start":{"line":62,"column":2},"end":{"line":62,"column":49}},"29":{"start":{"line":66,"column":19},"end":{"line":87,"column":1}},"30":{"start":{"line":67,"column":14},"end":{"line":72,"column":2}},"31":{"start":{"line":74,"column":1},"end":{"line":86,"column":2}},"32":{"start":{"line":75,"column":19},"end":{"line":78,"column":19}},"33":{"start":{"line":80,"column":2},"end":{"line":83,"column":3}},"34":{"start":{"line":81,"column":3},"end":{"line":81,"column":34}},"35":{"start":{"line":82,"column":3},"end":{"line":82,"column":90}},"36":{"start":{"line":85,"column":2},"end":{"line":85,"column":49}},"37":{"start":{"line":89,"column":19},"end":{"line":116,"column":1}},"38":{"start":{"line":90,"column":1},"end":{"line":92,"column":2}},"39":{"start":{"line":91,"column":2},"end":{"line":91,"column":76}},"40":{"start":{"line":94,"column":16},"end":{"line":94,"column":43}},"41":{"start":{"line":95,"column":14},"end":{"line":100,"column":2}},"42":{"start":{"line":102,"column":1},"end":{"line":115,"column":2}},"43":{"start":{"line":103,"column":19},"end":{"line":106,"column":37}},"44":{"start":{"line":108,"column":2},"end":{"line":112,"column":3}},"45":{"start":{"line":109,"column":3},"end":{"line":109,"column":26}},"46":{"start":{"line":111,"column":3},"end":{"line":111,"column":90}},"47":{"start":{"line":114,"column":2},"end":{"line":114,"column":49}},"48":{"start":{"line":118,"column":19},"end":{"line":139,"column":1}},"49":{"start":{"line":119,"column":1},"end":{"line":121,"column":2}},"50":{"start":{"line":120,"column":2},"end":{"line":120,"column":76}},"51":{"start":{"line":123,"column":16},"end":{"line":123,"column":43}},"52":{"start":{"line":125,"column":1},"end":{"line":138,"column":2}},"53":{"start":{"line":126,"column":19},"end":{"line":129,"column":30}},"54":{"start":{"line":131,"column":2},"end":{"line":135,"column":3}},"55":{"start":{"line":132,"column":3},"end":{"line":132,"column":26}},"56":{"start":{"line":134,"column":3},"end":{"line":134,"column":90}},"57":{"start":{"line":137,"column":2},"end":{"line":137,"column":49}},"58":{"start":{"line":141,"column":0},"end":{"line":141,"column":87}}},"fnMap":{"0":{"name":"(anonymous_0)","decl":{"start":{"line":4,"column":15},"end":{"line":4,"column":16}},"loc":{"start":{"line":4,"column":35},"end":{"line":17,"column":1}},"line":4},"1":{"name":"(anonymous_1)","decl":{"start":{"line":19,"column":18},"end":{"line":19,"column":19}},"loc":{"start":{"line":19,"column":38},"end":{"line":41,"column":1}},"line":19},"2":{"name":"(anonymous_2)","decl":{"start":{"line":43,"column":19},"end":{"line":43,"column":20}},"loc":{"start":{"line":43,"column":39},"end":{"line":64,"column":1}},"line":43},"3":{"name":"(anonymous_3)","decl":{"start":{"line":66,"column":19},"end":{"line":66,"column":20}},"loc":{"start":{"line":66,"column":39},"end":{"line":87,"column":1}},"line":66},"4":{"name":"(anonymous_4)","decl":{"start":{"line":89,"column":19},"end":{"line":89,"column":20}},"loc":{"start":{"line":89,"column":39},"end":{"line":116,"column":1}},"line":89},"5":{"name":"(anonymous_5)","decl":{"start":{"line":118,"column":19},"end":{"line":118,"column":20}},"loc":{"start":{"line":118,"column":39},"end":{"line":139,"column":1}},"line":118}},"branchMap":{"0":{"loc":{"start":{"line":21,"column":1},"end":{"line":23,"column":2}},"type":"if","locations":[{"start":{"line":21,"column":1},"end":{"line":23,"column":2}},{"start":{},"end":{}}],"line":21},"1":{"loc":{"start":{"line":32,"column":2},"end":{"line":34,"column":3}},"type":"if","locations":[{"start":{"line":32,"column":2},"end":{"line":34,"column":3}},{"start":{},"end":{}}],"line":32},"2":{"loc":{"start":{"line":45,"column":17},"end":{"line":45,"column":46}},"type":"binary-expr","locations":[{"start":{"line":45,"column":17},"end":{"line":45,"column":30}},{"start":{"line":45,"column":34},"end":{"line":45,"column":46}}],"line":45},"3":{"loc":{"start":{"line":47,"column":2},"end":{"line":49,"column":3}},"type":"if","locations":[{"start":{"line":47,"column":2},"end":{"line":49,"column":3}},{"start":{},"end":{}}],"line":47},"4":{"loc":{"start":{"line":47,"column":6},"end":{"line":47,"column":42}},"type":"binary-expr","locations":[{"start":{"line":47,"column":6},"end":{"line":47,"column":13}},{"start":{"line":47,"column":17},"end":{"line":47,"column":42}}],"line":47},"5":{"loc":{"start":{"line":56,"column":2},"end":{"line":58,"column":3}},"type":"if","locations":[{"start":{"line":56,"column":2},"end":{"line":58,"column":3}},{"start":{},"end":{}}],"line":56},"6":{"loc":{"start":{"line":80,"column":2},"end":{"line":83,"column":3}},"type":"if","locations":[{"start":{"line":80,"column":2},"end":{"line":83,"column":3}},{"start":{},"end":{}}],"line":80},"7":{"loc":{"start":{"line":82,"column":24},"end":{"line":82,"column":88}},"type":"binary-expr","locations":[{"start":{"line":82,"column":24},"end":{"line":82,"column":38}},{"start":{"line":82,"column":42},"end":{"line":82,"column":88}}],"line":82},"8":{"loc":{"start":{"line":90,"column":1},"end":{"line":92,"column":2}},"type":"if","locations":[{"start":{"line":90,"column":1},"end":{"line":92,"column":2}},{"start":{},"end":{}}],"line":90},"9":{"loc":{"start":{"line":108,"column":2},"end":{"line":112,"column":3}},"type":"if","locations":[{"start":{"line":108,"column":2},"end":{"line":112,"column":3}},{"start":{"line":110,"column":9},"end":{"line":112,"column":3}}],"line":108},"10":{"loc":{"start":{"line":111,"column":24},"end":{"line":111,"column":88}},"type":"binary-expr","locations":[{"start":{"line":111,"column":24},"end":{"line":111,"column":38}},{"start":{"line":111,"column":42},"end":{"line":111,"column":88}}],"line":111},"11":{"loc":{"start":{"line":119,"column":1},"end":{"line":121,"column":2}},"type":"if","locations":[{"start":{"line":119,"column":1},"end":{"line":121,"column":2}},{"start":{},"end":{}}],"line":119},"12":{"loc":{"start":{"line":131,"column":2},"end":{"line":135,"column":3}},"type":"if","locations":[{"start":{"line":131,"column":2},"end":{"line":135,"column":3}},{"start":{"line":133,"column":9},"end":{"line":135,"column":3}}],"line":131},"13":{"loc":{"start":{"line":134,"column":24},"end":{"line":134,"column":88}},"type":"binary-expr","locations":[{"start":{"line":134,"column":24},"end":{"line":134,"column":38}},{"start":{"line":134,"column":42},"end":{"line":134,"column":88}}],"line":134}},"s":{"0":3,"1":3,"2":3,"3":0,"4":0,"5":0,"6":0,"7":0,"8":3,"9":0,"10":0,"11":0,"12":0,"13":0,"14":0,"15":0,"16":0,"17":0,"18":0,"19":3,"20":0,"21":0,"22":0,"23":0,"24":0,"25":0,"26":0,"27":0,"28":0,"29":3,"30":0,"31":0,"32":0,"33":0,"34":0,"35":0,"36":0,"37":3,"38":0,"39":0,"40":0,"41":0,"42":0,"43":0,"44":0,"45":0,"46":0,"47":0,"48":3,"49":0,"50":0,"51":0,"52":0,"53":0,"54":0,"55":0,"56":0,"57":0,"58":3},"f":{"0":0,"1":0,"2":0,"3":0,"4":0,"5":0},"b":{"0":[0,0],"1":[0,0],"2":[0,0],"3":[0,0],"4":[0,0],"5":[0,0],"6":[0,0],"7":[0,0],"8":[0,0],"9":[0,0],"10":[0,0],"11":[0,0],"12":[0,0],"13":[0,0]},"_coverageSchema":"1a1c01bbd47fc00a2c39e90264f33305004495a9","hash":"9366a805f767fbbdca53551884f0bcd008ae9f8d"}
,"C:\\Users\\Abiodun Fadipe\\Documents\\CSE341-web service\\cse-341-code-abiodunfinal-project-2\\data\\database.js": {"path":"C:\\Users\\Abiodun Fadipe\\Documents\\CSE341-web service\\cse-341-code-abiodunfinal-project-2\\data\\database.js","statementMap":{"0":{"start":{"line":1,"column":15},"end":{"line":1,"column":32}},"1":{"start":{"line":2,"column":24},"end":{"line":2,"column":42}},"2":{"start":{"line":6,"column":15},"end":{"line":21,"column":1}},"3":{"start":{"line":7,"column":1},"end":{"line":10,"column":2}},"4":{"start":{"line":8,"column":2},"end":{"line":8,"column":44}},"5":{"start":{"line":9,"column":2},"end":{"line":9,"column":34}},"6":{"start":{"line":12,"column":1},"end":{"line":20,"column":5}},"7":{"start":{"line":14,"column":3},"end":{"line":14,"column":48}},"8":{"start":{"line":15,"column":3},"end":{"line":15,"column":38}},"9":{"start":{"line":16,"column":3},"end":{"line":16,"column":28}},"10":{"start":{"line":19,"column":3},"end":{"line":19,"column":17}},"11":{"start":{"line":23,"column":20},"end":{"line":26,"column":1}},"12":{"start":{"line":24,"column":1},"end":{"line":24,"column":56}},"13":{"start":{"line":24,"column":16},"end":{"line":24,"column":56}},"14":{"start":{"line":25,"column":1},"end":{"line":25,"column":17}},"15":{"start":{"line":28,"column":0},"end":{"line":28,"column":41}}},"fnMap":{"0":{"name":"(anonymous_0)","decl":{"start":{"line":6,"column":15},"end":{"line":6,"column":16}},"loc":{"start":{"line":6,"column":29},"end":{"line":21,"column":1}},"line":6},"1":{"name":"(anonymous_1)","decl":{"start":{"line":13,"column":8},"end":{"line":13,"column":9}},"loc":{"start":{"line":13,"column":20},"end":{"line":17,"column":3}},"line":13},"2":{"name":"(anonymous_2)","decl":{"start":{"line":18,"column":9},"end":{"line":18,"column":10}},"loc":{"start":{"line":18,"column":18},"end":{"line":20,"column":3}},"line":18},"3":{"name":"(anonymous_3)","decl":{"start":{"line":23,"column":20},"end":{"line":23,"column":21}},"loc":{"start":{"line":23,"column":26},"end":{"line":26,"column":1}},"line":23}},"branchMap":{"0":{"loc":{"start":{"line":7,"column":1},"end":{"line":10,"column":2}},"type":"if","locations":[{"start":{"line":7,"column":1},"end":{"line":10,"column":2}},{"start":{},"end":{}}],"line":7},"1":{"loc":{"start":{"line":24,"column":1},"end":{"line":24,"column":56}},"type":"if","locations":[{"start":{"line":24,"column":1},"end":{"line":24,"column":56}},{"start":{},"end":{}}],"line":24}},"s":{"0":4,"1":4,"2":4,"3":0,"4":0,"5":0,"6":0,"7":0,"8":0,"9":0,"10":0,"11":4,"12":0,"13":0,"14":0,"15":4},"f":{"0":0,"1":0,"2":0,"3":0},"b":{"0":[0,0],"1":[0,0]},"_coverageSchema":"1a1c01bbd47fc00a2c39e90264f33305004495a9","hash":"caadc7d867cbefc035682890ac9bbc7d4230b761"}
,"C:\\Users\\Abiodun Fadipe\\Documents\\CSE341-web service\\cse-341-code-abiodunfinal-project-2\\routes\\assignments.js": {"path":"C:\\Users\\Abiodun Fadipe\\Documents\\CSE341-web service\\cse-341-code-abiodunfinal-project-2\\routes\\assignments.js","statementMap":{"0":{"start":{"line":1,"column":16},"end":{"line":1,"column":34}},"1":{"start":{"line":2,"column":15},"end":{"line":2,"column":31}},"2":{"start":{"line":4,"column":30},"end":{"line":4,"column":67}},"3":{"start":{"line":5,"column":28},"end":{"line":5,"column":65}},"4":{"start":{"line":7,"column":0},"end":{"line":7,"column":46}},"5":{"start":{"line":9,"column":0},"end":{"line":9,"column":52}},"6":{"start":{"line":11,"column":0},"end":{"line":11,"column":74}},"7":{"start":{"line":13,"column":0},"end":{"line":13,"column":76}},"8":{"start":{"line":15,"column":0},"end":{"line":15,"column":79}},"9":{"start":{"line":17,"column":0},"end":{"line":17,"column":24}}},"fnMap":{},"branchMap":{},"s":{"0":4,"1":4,"2":4,"3":4,"4":4,"5":4,"6":4,"7":4,"8":4,"9":4},"f":{},"b":{},"_coverageSchema":"1a1c01bbd47fc00a2c39e90264f33305004495a9","hash":"f6dfeb92c22d427c1595bb8404bdcf1f72d85726"}
,"C:\\Users\\Abiodun Fadipe\\Documents\\CSE341-web service\\cse-341-code-abiodunfinal-project-2\\routes\\comments.js": {"path":"C:\\Users\\Abiodun Fadipe\\Documents\\CSE341-web service\\cse-341-code-abiodunfinal-project-2\\routes\\comments.js","statementMap":{"0":{"start":{"line":1,"column":15},"end":{"line":1,"column":42}},"1":{"start":{"line":2,"column":27},"end":{"line":2,"column":61}},"2":{"start":{"line":3,"column":28},"end":{"line":3,"column":65}},"3":{"start":{"line":6,"column":0},"end":{"line":6,"column":84}},"4":{"start":{"line":9,"column":0},"end":{"line":9,"column":68}},"5":{"start":{"line":12,"column":0},"end":{"line":12,"column":73}},"6":{"start":{"line":14,"column":0},"end":{"line":14,"column":24}}},"fnMap":{},"branchMap":{},"s":{"0":4,"1":4,"2":4,"3":4,"4":4,"5":4,"6":4},"f":{},"b":{},"_coverageSchema":"1a1c01bbd47fc00a2c39e90264f33305004495a9","hash":"f54e471965bfed14f8c673bdd5196e08a6c81a07"}
,"C:\\Users\\Abiodun Fadipe\\Documents\\CSE341-web service\\cse-341-code-abiodunfinal-project-2\\routes\\courses.js": {"path":"C:\\Users\\Abiodun Fadipe\\Documents\\CSE341-web service\\cse-341-code-abiodunfinal-project-2\\routes\\courses.js","statementMap":{"0":{"start":{"line":1,"column":15},"end":{"line":1,"column":42}},"1":{"start":{"line":2,"column":26},"end":{"line":2,"column":59}},"2":{"start":{"line":3,"column":28},"end":{"line":3,"column":65}},"3":{"start":{"line":6,"column":0},"end":{"line":6,"column":42}},"4":{"start":{"line":9,"column":0},"end":{"line":9,"column":48}},"5":{"start":{"line":12,"column":0},"end":{"line":12,"column":66}},"6":{"start":{"line":15,"column":0},"end":{"line":15,"column":68}},"7":{"start":{"line":18,"column":0},"end":{"line":18,"column":71}},"8":{"start":{"line":20,"column":0},"end":{"line":20,"column":24}}},"fnMap":{},"branchMap":{},"s":{"0":4,"1":4,"2":4,"3":4,"4":4,"5":4,"6":4,"7":4,"8":4},"f":{},"b":{},"_coverageSchema":"1a1c01bbd47fc00a2c39e90264f33305004495a9","hash":"8ad45be924b57735c1ecee12b8003f645c367c40"}
,"C:\\Users\\Abiodun Fadipe\\Documents\\CSE341-web service\\cse-341-code-abiodunfinal-project-2\\routes\\index.js": {"path":"C:\\Users\\Abiodun Fadipe\\Documents\\CSE341-web service\\cse-341-code-abiodunfinal-project-2\\routes\\index.js","statementMap":{"0":{"start":{"line":1,"column":15},"end":{"line":1,"column":42}},"1":{"start":{"line":2,"column":17},"end":{"line":2,"column":36}},"2":{"start":{"line":5,"column":0},"end":{"line":5,"column":38}},"3":{"start":{"line":8,"column":0},"end":{"line":8,"column":41}},"4":{"start":{"line":11,"column":0},"end":{"line":11,"column":53}},"5":{"start":{"line":14,"column":0},"end":{"line":14,"column":45}},"6":{"start":{"line":17,"column":0},"end":{"line":17,"column":47}},"7":{"start":{"line":20,"column":0},"end":{"line":20,"column":81}},"8":{"start":{"line":22,"column":0},"end":{"line":29,"column":2}},"9":{"start":{"line":26,"column":2},"end":{"line":26,"column":30}},"10":{"start":{"line":27,"column":2},"end":{"line":27,"column":20}},"11":{"start":{"line":31,"column":0},"end":{"line":31,"column":24}}},"fnMap":{"0":{"name":"(anonymous_0)","decl":{"start":{"line":25,"column":1},"end":{"line":25,"column":2}},"loc":{"start":{"line":25,"column":15},"end":{"line":28,"column":2}},"line":25}},"branchMap":{},"s":{"0":4,"1":4,"2":4,"3":4,"4":4,"5":4,"6":4,"7":4,"8":4,"9":0,"10":0,"11":4},"f":{"0":0},"b":{},"_coverageSchema":"1a1c01bbd47fc00a2c39e90264f33305004495a9","hash":"6424b55f2b50238e733c1ffb4cb718e20f92eae2"}
,"C:\\Users\\Abiodun Fadipe\\Documents\\CSE341-web service\\cse-341-code-abiodunfinal-project-2\\routes\\swagger.js": {"path":"C:\\Users\\Abiodun Fadipe\\Documents\\CSE341-web service\\cse-341-code-abiodunfinal-project-2\\routes\\swagger.js","statementMap":{"0":{"start":{"line":1,"column":15},"end":{"line":1,"column":42}},"1":{"start":{"line":2,"column":18},"end":{"line":2,"column":47}},"2":{"start":{"line":3,"column":24},"end":{"line":3,"column":50}},"3":{"start":{"line":5,"column":0},"end":{"line":5,"column":41}},"4":{"start":{"line":6,"column":0},"end":{"line":6,"column":58}},"5":{"start":{"line":8,"column":0},"end":{"line":8,"column":24}}},"fnMap":{},"branchMap":{},"s":{"0":4,"1":4,"2":4,"3":4,"4":4,"5":4},"f":{},"b":{},"_coverageSchema":"1a1c01bbd47fc00a2c39e90264f33305004495a9","hash":"b5b4c17aab7c223032fe50f68a8e4fe8961fb78a"}
,"C:\\Users\\Abiodun Fadipe\\Documents\\CSE341-web service\\cse-341-code-abiodunfinal-project-2\\routes\\users.js": {"path":"C:\\Users\\Abiodun Fadipe\\Documents\\CSE341-web service\\cse-341-code-abiodunfinal-project-2\\routes\\users.js","statementMap":{"0":{"start":{"line":1,"column":15},"end":{"line":1,"column":42}},"1":{"start":{"line":2,"column":24},"end":{"line":2,"column":55}},"2":{"start":{"line":3,"column":28},"end":{"line":3,"column":65}},"3":{"start":{"line":6,"column":0},"end":{"line":6,"column":40}},"4":{"start":{"line":9,"column":0},"end":{"line":9,"column":68}},"5":{"start":{"line":12,"column":0},"end":{"line":12,"column":46}},"6":{"start":{"line":15,"column":0},"end":{"line":15,"column":62}},"7":{"start":{"line":18,"column":0},"end":{"line":18,"column":64}},"8":{"start":{"line":21,"column":0},"end":{"line":21,"column":67}},"9":{"start":{"line":23,"column":0},"end":{"line":23,"column":24}}},"fnMap":{},"branchMap":{},"s":{"0":4,"1":4,"2":4,"3":4,"4":4,"5":4,"6":4,"7":4,"8":4,"9":4},"f":{},"b":{},"_coverageSchema":"1a1c01bbd47fc00a2c39e90264f33305004495a9","hash":"e378fe5d3bb22e5c89af7ed9bf24549bc70056e3"}
}
