TN:
SF:server.js
FN:48,(anonymous_0)
FN:60,(anonymous_1)
FN:66,(anonymous_2)
FN:69,(anonymous_3)
FN:74,(anonymous_4)
FN:86,(anonymous_5)
FN:97,(anonymous_6)
FN:101,(anonymous_7)
FNF:8
FNH:0
FNDA:0,(anonymous_0)
FNDA:0,(anonymous_1)
FNDA:0,(anonymous_2)
FNDA:0,(anonymous_3)
FNDA:0,(anonymous_4)
FNDA:0,(anonymous_5)
FNDA:0,(anonymous_6)
FNDA:0,(anonymous_7)
DA:1,4
DA:2,4
DA:3,4
DA:4,4
DA:5,4
DA:6,4
DA:7,4
DA:8,4
DA:10,4
DA:11,4
DA:12,4
DA:15,4
DA:17,4
DA:25,4
DA:26,4
DA:29,4
DA:45,4
DA:48,4
DA:49,0
DA:53,4
DA:61,0
DA:66,4
DA:67,0
DA:69,4
DA:70,0
DA:74,4
DA:75,0
DA:76,0
DA:78,0
DA:83,4
DA:87,0
DA:88,0
DA:93,4
DA:96,4
DA:97,0
DA:98,0
DA:99,0
DA:101,0
DA:102,0
LF:39
LH:25
BRDA:12,0,0,4
BRDA:12,0,1,4
BRDA:19,1,0,4
BRDA:19,1,1,4
BRDA:75,2,0,0
BRDA:75,2,1,0
BRDA:96,3,0,0
BRDA:96,3,1,4
BRDA:98,4,0,0
BRDA:98,4,1,0
BRF:10
BRH:5
end_of_record
TN:
SF:controllers\assignments.js
FN:5,(anonymous_0)
FN:22,(anonymous_1)
FN:47,(anonymous_2)
FN:78,(anonymous_3)
FN:114,(anonymous_4)
FNF:5
FNH:0
FNDA:0,(anonymous_0)
FNDA:0,(anonymous_1)
FNDA:0,(anonymous_2)
FNDA:0,(anonymous_3)
FNDA:0,(anonymous_4)
DA:1,3
DA:2,3
DA:5,3
DA:7,0
DA:8,0
DA:14,0
DA:15,0
DA:17,0
DA:22,3
DA:24,0
DA:25,0
DA:28,0
DA:29,0
DA:30,0
DA:35,0
DA:36,0
DA:39,0
DA:40,0
DA:42,0
DA:47,3
DA:49,0
DA:61,0
DA:62,0
DA:67,0
DA:68,0
DA:70,0
DA:73,0
DA:78,3
DA:80,0
DA:81,0
DA:84,0
DA:85,0
DA:97,0
DA:98,0
DA:103,0
DA:104,0
DA:106,0
DA:109,0
DA:114,3
DA:116,0
DA:117,0
DA:120,0
DA:122,0
DA:123,0
DA:128,0
DA:129,0
DA:131,0
DA:134,0
DA:138,3
LF:49
LH:8
BRDA:24,0,0,0
BRDA:24,0,1,0
BRDA:35,1,0,0
BRDA:35,1,1,0
BRDA:50,2,0,0
BRDA:50,2,1,0
BRDA:54,3,0,0
BRDA:54,3,1,0
BRDA:55,4,0,0
BRDA:55,4,1,0
BRDA:56,5,0,0
BRDA:56,5,1,0
BRDA:57,6,0,0
BRDA:57,6,1,0
BRDA:67,7,0,0
BRDA:67,7,1,0
BRDA:70,8,0,0
BRDA:70,8,1,0
BRDA:80,9,0,0
BRDA:80,9,1,0
BRDA:86,10,0,0
BRDA:86,10,1,0
BRDA:90,11,0,0
BRDA:90,11,1,0
BRDA:91,12,0,0
BRDA:91,12,1,0
BRDA:92,13,0,0
BRDA:92,13,1,0
BRDA:93,14,0,0
BRDA:93,14,1,0
BRDA:103,15,0,0
BRDA:103,15,1,0
BRDA:106,16,0,0
BRDA:106,16,1,0
BRDA:116,17,0,0
BRDA:116,17,1,0
BRDA:128,18,0,0
BRDA:128,18,1,0
BRDA:131,19,0,0
BRDA:131,19,1,0
BRF:40
BRH:0
end_of_record
TN:
SF:controllers\comments.js
FN:5,(anonymous_0)
FN:26,(anonymous_1)
FN:52,(anonymous_2)
FNF:3
FNH:0
FNDA:0,(anonymous_0)
FNDA:0,(anonymous_1)
FNDA:0,(anonymous_2)
DA:1,3
DA:2,3
DA:5,3
DA:7,0
DA:8,0
DA:11,0
DA:12,0
DA:18,0
DA:19,0
DA:21,0
DA:26,3
DA:28,0
DA:35,0
DA:36,0
DA:41,0
DA:42,0
DA:44,0
DA:47,0
DA:52,3
DA:54,0
DA:55,0
DA:58,0
DA:60,0
DA:61,0
DA:66,0
DA:67,0
DA:69,0
DA:72,0
DA:76,3
LF:29
LH:6
BRDA:7,0,0,0
BRDA:7,0,1,0
BRDA:41,1,0,0
BRDA:41,1,1,0
BRDA:44,2,0,0
BRDA:44,2,1,0
BRDA:54,3,0,0
BRDA:54,3,1,0
BRDA:66,4,0,0
BRDA:66,4,1,0
BRDA:69,5,0,0
BRDA:69,5,1,0
BRF:12
BRH:0
end_of_record
TN:
SF:controllers\courses.js
FN:5,(anonymous_0)
FN:22,(anonymous_1)
FN:47,(anonymous_2)
FN:75,(anonymous_3)
FN:108,(anonymous_4)
FNF:5
FNH:0
FNDA:0,(anonymous_0)
FNDA:0,(anonymous_1)
FNDA:0,(anonymous_2)
FNDA:0,(anonymous_3)
FNDA:0,(anonymous_4)
DA:1,3
DA:2,3
DA:5,3
DA:7,0
DA:8,0
DA:14,0
DA:15,0
DA:17,0
DA:22,3
DA:24,0
DA:25,0
DA:28,0
DA:29,0
DA:30,0
DA:35,0
DA:36,0
DA:39,0
DA:40,0
DA:42,0
DA:47,3
DA:49,0
DA:58,0
DA:59,0
DA:64,0
DA:65,0
DA:67,0
DA:70,0
DA:75,3
DA:77,0
DA:78,0
DA:81,0
DA:82,0
DA:91,0
DA:92,0
DA:97,0
DA:98,0
DA:100,0
DA:103,0
DA:108,3
DA:110,0
DA:111,0
DA:114,0
DA:116,0
DA:117,0
DA:122,0
DA:123,0
DA:125,0
DA:128,0
DA:132,3
LF:49
LH:8
BRDA:24,0,0,0
BRDA:24,0,1,0
BRDA:35,1,0,0
BRDA:35,1,1,0
BRDA:64,2,0,0
BRDA:64,2,1,0
BRDA:67,3,0,0
BRDA:67,3,1,0
BRDA:77,4,0,0
BRDA:77,4,1,0
BRDA:97,5,0,0
BRDA:97,5,1,0
BRDA:100,6,0,0
BRDA:100,6,1,0
BRDA:110,7,0,0
BRDA:110,7,1,0
BRDA:122,8,0,0
BRDA:122,8,1,0
BRDA:125,9,0,0
BRDA:125,9,1,0
BRF:20
BRH:0
end_of_record
TN:
SF:controllers\users.js
FN:4,(anonymous_0)
FN:20,(anonymous_1)
FN:44,(anonymous_2)
FN:69,(anonymous_3)
FN:94,(anonymous_4)
FN:124,(anonymous_5)
FNF:6
FNH:0
FNDA:0,(anonymous_0)
FNDA:0,(anonymous_1)
FNDA:0,(anonymous_2)
FNDA:0,(anonymous_3)
FNDA:0,(anonymous_4)
FNDA:0,(anonymous_5)
DA:1,3
DA:2,3
DA:4,3
DA:6,0
DA:7,0
DA:13,0
DA:14,0
DA:16,0
DA:20,3
DA:22,0
DA:23,0
DA:26,0
DA:27,0
DA:28,0
DA:33,0
DA:34,0
DA:37,0
DA:38,0
DA:40,0
DA:44,3
DA:46,0
DA:48,0
DA:50,0
DA:51,0
DA:54,0
DA:59,0
DA:60,0
DA:63,0
DA:65,0
DA:69,3
DA:71,0
DA:78,0
DA:79,0
DA:84,0
DA:85,0
DA:87,0
DA:90,0
DA:94,3
DA:96,0
DA:97,0
DA:100,0
DA:101,0
DA:108,0
DA:109,0
DA:114,0
DA:115,0
DA:117,0
DA:120,0
DA:124,3
DA:126,0
DA:127,0
DA:130,0
DA:132,0
DA:133,0
DA:138,0
DA:139,0
DA:141,0
DA:144,0
DA:148,3
LF:59
LH:9
BRDA:22,0,0,0
BRDA:22,0,1,0
BRDA:33,1,0,0
BRDA:33,1,1,0
BRDA:48,2,0,0
BRDA:48,2,1,0
BRDA:50,3,0,0
BRDA:50,3,1,0
BRDA:50,4,0,0
BRDA:50,4,1,0
BRDA:59,5,0,0
BRDA:59,5,1,0
BRDA:84,6,0,0
BRDA:84,6,1,0
BRDA:87,7,0,0
BRDA:87,7,1,0
BRDA:96,8,0,0
BRDA:96,8,1,0
BRDA:114,9,0,0
BRDA:114,9,1,0
BRDA:117,10,0,0
BRDA:117,10,1,0
BRDA:126,11,0,0
BRDA:126,11,1,0
BRDA:138,12,0,0
BRDA:138,12,1,0
BRDA:141,13,0,0
BRDA:141,13,1,0
BRF:28
BRH:0
end_of_record
TN:
SF:data\database.js
FN:6,(anonymous_0)
FN:13,(anonymous_1)
FN:18,(anonymous_2)
FN:23,(anonymous_3)
FNF:4
FNH:0
FNDA:0,(anonymous_0)
FNDA:0,(anonymous_1)
FNDA:0,(anonymous_2)
FNDA:0,(anonymous_3)
DA:1,4
DA:2,4
DA:6,4
DA:7,0
DA:8,0
DA:9,0
DA:12,0
DA:14,0
DA:15,0
DA:16,0
DA:19,0
DA:23,4
DA:24,0
DA:25,0
DA:28,4
LF:15
LH:5
BRDA:7,0,0,0
BRDA:7,0,1,0
BRDA:24,1,0,0
BRDA:24,1,1,0
BRF:4
BRH:0
end_of_record
TN:
SF:routes\assignments.js
FNF:0
FNH:0
DA:1,4
DA:2,4
DA:4,4
DA:5,4
DA:8,4
DA:11,4
DA:14,4
DA:17,4
DA:20,4
DA:22,4
LF:10
LH:10
BRF:0
BRH:0
end_of_record
TN:
SF:routes\comments.js
FNF:0
FNH:0
DA:1,4
DA:2,4
DA:3,4
DA:6,4
DA:9,4
DA:12,4
DA:14,4
LF:7
LH:7
BRF:0
BRH:0
end_of_record
TN:
SF:routes\courses.js
FNF:0
FNH:0
DA:1,4
DA:2,4
DA:3,4
DA:6,4
DA:9,4
DA:12,4
DA:15,4
DA:18,4
DA:20,4
LF:9
LH:9
BRF:0
BRH:0
end_of_record
TN:
SF:routes\index.js
FN:25,(anonymous_0)
FNF:1
FNH:0
FNDA:0,(anonymous_0)
DA:1,4
DA:2,4
DA:5,4
DA:8,4
DA:11,4
DA:14,4
DA:17,4
DA:20,4
DA:22,4
DA:26,0
DA:27,0
DA:31,4
LF:12
LH:10
BRF:0
BRH:0
end_of_record
TN:
SF:routes\swagger.js
FNF:0
FNH:0
DA:1,4
DA:2,4
DA:3,4
DA:5,4
DA:6,4
DA:8,4
LF:6
LH:6
BRF:0
BRH:0
end_of_record
TN:
SF:routes\users.js
FNF:0
FNH:0
DA:1,4
DA:2,4
DA:3,4
DA:6,4
DA:9,4
DA:12,4
DA:15,4
DA:18,4
DA:21,4
DA:23,4
LF:10
LH:10
BRF:0
BRH:0
end_of_record
